20240607	18:22:11	aaaf22ae-88c3-49dd-a726-84392666fbdd	GET	/	undefined
20240607	18:22:11	8d3bcd82-e4c8-4b14-97e6-d9f10143ab7e	GET	/css/style.css	undefined
20240607	18:22:14	25d71f9e-77a8-4150-bd5f-fcdc0a2b49f0	GET	/favicon.ico	undefined
20240610	02:55:53	4445a027-08ed-401e-ac98-40b9f6ec593c	GET	/	undefined
20240610	02:55:53	060875c4-99e6-43d5-9416-c0ce881177a4	GET	/css/style.css	undefined
20240611	16:34:54	51477035-cb68-4a8f-83a3-87d77b0eddee	GET	/users	undefined
20240611	16:40:10	7d701ef1-dcf9-4ede-b89f-baa47d48a439	POST	/users	undefined
20240611	16:40:57	51a777e5-0cdc-42b3-a7ab-dce52c4e066b	POST	/users	undefined
20240611	16:41:10	e6c75898-ba03-4f32-9ebf-080a18888453	GET	/users	undefined
20240611	16:44:18	72d95243-3b82-47e8-842d-1e6840b5d4e4	GET	/users	undefined
20240611	16:54:01	622db3c5-1d97-4e3e-93c0-181b4d6323a3	GET	/users	undefined
20240611	16:55:31	14459ca9-f0a5-46b9-a83c-1664436a0dd4	GET	/users	undefined
20240611	16:56:00	32bc8673-caa6-4cb6-a115-d42dc246bfa5	GET	/users	undefined
20240611	16:58:31	ffca28b2-bb5d-418b-8dd5-afd463144885	GET	/users	undefined
20240611	16:58:46	2eb6cab7-bc3b-4ff3-8b06-9088f0323775	POST	/users	undefined
20240611	17:02:54	16c923a4-dcd9-4b57-bf1e-fe5246f17c89	GET	/	undefined
20240611	17:02:54	7a40a70b-85c3-4f28-b280-15add483ad5e	GET	/css/style.css	undefined
20240611	20:16:37	eb4d023e-4675-48aa-8f6c-f04650277dd5	GET	/	undefined
20240611	20:16:38	14b9678d-13c4-4794-a8fd-53ffa444f7f6	GET	/css/style.css	undefined
20240613	19:07:25	00bb0eac-eb95-460c-8564-4d8497ab89f8	POST	/users	undefined
20240614	04:23:11	5b4aec56-835c-4c81-b448-bb9657f9882a	POST	/users	undefined
20240614	04:23:56	09b2909f-0233-463d-8de4-63c091a0fd03	POST	/users	undefined
20240614	06:46:17	9b2f74c5-19f7-4322-bbf1-c31e28933c8c	PATCH	/users	undefined
20240616	22:17:54	7e02a3d5-a254-4180-8aa2-ad6ad3b73dc1	PATCH	/users	undefined
20240616	22:18:45	b9339d57-453b-4cd5-8802-94eb2beb38c2	POST	/users	undefined
20240616	22:20:12	403530ae-cadb-4e3c-adba-92d122ce6b32	PATCH	/users	undefined
20240616	22:22:00	7399b0fc-dcd7-4741-8dbb-b98b5768e7c9	GET	/notes	http://localhost:3000
20240616	22:22:03	881836c2-5948-41a2-b70a-d27859f64a51	GET	/users	http://localhost:3000
20240616	22:22:20	eaa71121-8e32-40d2-9be0-d88a1df9597f	GET	/notes	http://localhost:3000
20240616	22:22:34	8c2a04c9-da78-4382-b2e1-a6333993dfbe	GET	/notes	http://localhost:3000
20240616	22:29:50	b35d6e59-c3d2-4fb9-bd2f-53891f365e57	PATCH	/notes	undefined
20240616	22:32:16	9c4200f0-e391-4c4c-9d94-0832907f6c34	PATCH	/notes	undefined
20240616	22:37:06	31c4d307-f3e5-44d5-b60a-3ac4fbe92a72	PATCH	/notes	undefined
20240616	22:37:10	7d70e867-d7bb-44fa-819b-a863475b5209	POST	/notes	undefined
20240616	22:37:41	5007892c-a3f2-4916-bb85-eb590ea2337c	POST	/notes	undefined
20240616	22:45:22	e6340b68-d574-4174-aeb4-cd5ad7b642f1	POST	/notes	undefined
20240616	22:57:07	26294e13-79f3-45d4-9bf7-1a10125fb90d	POST	/notes	undefined
20240616	22:57:14	8865306d-6daa-4366-ac8b-8f314e92219c	GET	/users	http://localhost:3000
20240616	22:57:19	e94d3bef-f6ca-44fb-8f4a-5e300c435d92	GET	/notes	http://localhost:3000
20240616	22:57:51	efec0749-0e2e-48d9-8b70-0386a90ba119	POST	/notes	undefined
20240616	22:58:26	34c4d312-1ace-40ba-a2cf-4dcff15bcbf5	POST	/notes	undefined
20240616	22:58:39	4148fd41-ffec-4b96-97ae-0454f01d35bc	POST	/notes	undefined
20240616	22:58:49	5dde805d-8075-4d36-83d2-57b9301ba9c4	GET	/users	http://localhost:3000
20240616	22:59:49	a6bbdc26-711b-480a-b6cf-8cf764361051	GET	/users	undefined
20240616	23:00:35	99dd6be5-7800-4bdb-aa10-f2e63c098316	POST	/notes	undefined
20240616	23:00:44	2f1c84c5-1c8c-4373-a551-ce3fe3ce3bf8	GET	/notes	http://localhost:3000
20240616	23:00:48	c24c3bd1-28e0-42ae-8388-3f7d7e13e959	GET	/notes	http://localhost:3000
20240617	13:27:53	43c81b10-533e-46b8-a0e0-a97663ab5a1c	POST	/auth	undefined
20240617	13:30:18	aa40a364-e9a9-4a0d-9e07-734936fc8a0d	POST	/auth	undefined
20240617	13:46:58	66dc33a8-dda1-47bf-a489-d87963d6c2a7	POST	/auth	undefined
20240617	13:47:42	1defd3e1-f1fd-46a5-9034-ebd758fe337e	POST	/auth	undefined
20240617	13:48:33	29161dc4-e9d5-4d28-8ad7-00961b6ddbad	POST	/auth	undefined
20240617	14:14:25	558043ee-3d39-45bc-b093-05a66a0456c0	POST	/auth	undefined
20240618	17:13:41	3bdd3f8b-ed64-43c1-a351-5d400888ec95	POST	/auth	undefined
20240618	17:13:48	ed0d01ac-c285-4f19-8356-b007a7b401a5	POST	/auth	undefined
20240618	17:14:06	1daa06fd-dbcc-43cf-abac-56d23b414d99	GET	/auth	undefined
20240618	17:58:59	518b64e7-0968-46f9-b19b-e119726c5db6	GET	/notes	http://localhost:3000
20240618	17:58:59	c009ef7e-81cd-4a8f-8bea-77f4798fca9e	GET	/users	http://localhost:3000
20240618	17:59:02	12bbde5f-482d-49ba-b19c-c759fb499e56	GET	/users	http://localhost:3000
20240618	18:07:25	ec15ebb0-4f61-41cf-b967-429d5bbc5ea6	GET	/notes	http://localhost:3000
20240618	18:07:25	1ceb7b4b-8aa6-4558-99cc-0902a406b4aa	GET	/users	http://localhost:3000
20240618	18:38:54	f4c5a8ef-f039-4549-b270-005a18b77c7e	GET	/notes	http://localhost:3000
20240618	18:38:54	2bbc82e1-3b13-4495-932e-00a191545f63	GET	/users	http://localhost:3000
20240618	18:46:27	bacf5b78-fef7-43a4-b23f-ddd2662f7d7e	GET	/notes	http://localhost:3000
20240618	18:46:27	036033d7-bfa8-462e-aeec-16712158452f	GET	/users	http://localhost:3000
20240618	18:46:29	c0266b1d-e6f9-4cef-9b75-d52a8bf00a3b	GET	/users	http://localhost:3000
20240618	18:46:37	04a95f8e-531f-4536-9861-12da101f4ee7	GET	/notes	http://localhost:3000
20240618	18:58:15	fd8986ba-f250-454f-b49e-ba6ed30ed674	GET	/notes	http://localhost:3001
20240618	18:58:15	1d5b058d-d630-4d37-b19f-699c345ede94	GET	/users	http://localhost:3001
20240618	18:58:43	6ca5600a-6341-4b7e-aedd-053cffcfcc73	OPTIONS	/users	http://localhost:3001
20240618	18:58:43	a9be2b83-6a7a-4216-bed7-462178bff45c	GET	/users	http://localhost:3001
20240618	18:58:54	046df3cd-9ba9-4ce3-b797-409ec2742b40	OPTIONS	/users	http://localhost:3001
20240618	18:58:54	d3f861da-817d-4c41-97cd-97624f2d29cf	GET	/users	http://localhost:3001
20240618	18:59:02	a6d49d0c-485a-4347-8e4f-2203f53eb7e1	GET	/users	http://localhost:3001
20240618	18:59:02	b6401248-364f-4940-89b6-a03a11061f82	GET	/notes	http://localhost:3001
20240618	18:59:05	50e9ea49-c45e-4032-85e8-62589631b134	POST	/auth/logout	http://localhost:3001
20240618	18:59:07	cf729276-77ba-4e1d-8604-7618f9270b8f	GET	/users	http://localhost:3001
20240618	18:59:07	4ab9a347-a7d4-4f7e-a846-8c22a9a72d22	GET	/notes	http://localhost:3001
20240618	18:59:26	ff6d2ffc-3965-40dc-ada8-34e993ab2a02	POST	/auth/logout	http://localhost:3001
20240618	18:59:28	4171a06f-f083-466d-ad92-14518c43b572	OPTIONS	/users	http://localhost:3001
20240618	18:59:28	a3fdcfaa-eb07-4184-bb58-03cff84d5761	GET	/users	http://localhost:3001
20240618	18:59:29	b349a1e5-2912-4027-90d0-511dfe807455	OPTIONS	/users	http://localhost:3001
20240618	18:59:29	daf59ef4-a854-4a76-8224-502393656c8e	GET	/users	http://localhost:3001
20240618	18:59:30	2c6ae2ac-16ae-418b-ad64-c0254523df5c	OPTIONS	/users	http://localhost:3001
20240618	18:59:30	11b244b5-4ffe-4160-a0af-ee028a31a23f	GET	/users	http://localhost:3001
20240618	18:59:30	62bbc9a8-950a-407b-8bc4-9a56792393ef	OPTIONS	/users	http://localhost:3001
20240618	18:59:30	05aba598-a3cf-45dd-8079-b3250547f762	GET	/users	http://localhost:3001
20240618	18:59:30	6186d4ff-6d15-4968-a991-c09e7069cc4d	OPTIONS	/users	http://localhost:3001
20240618	18:59:30	7f235dd1-0e42-4422-85f1-c056f6646027	GET	/users	http://localhost:3001
20240618	18:59:30	d7ea80ba-f82c-4053-b0fa-f3fce01d413e	OPTIONS	/users	http://localhost:3001
20240618	18:59:30	292c2243-864c-40b2-a20c-d46e13b6000a	GET	/users	http://localhost:3001
20240618	18:59:30	6b2cf21d-2aa0-42a0-aa39-8e833fe18256	OPTIONS	/users	http://localhost:3001
20240618	18:59:30	f5efd6ac-1c62-4bfe-bea6-ce31d9f74c4a	GET	/users	http://localhost:3001
20240618	18:59:31	9421011b-83c1-4d07-8a1c-a482732b56c4	OPTIONS	/users	http://localhost:3001
20240618	18:59:31	e2fcc09b-9f9a-4378-8964-7435a1b2834d	GET	/users	http://localhost:3001
20240618	18:59:31	29eee7f1-42f1-4259-8fc3-d9a8622f42b3	OPTIONS	/users	http://localhost:3001
20240618	18:59:31	7de9a21b-1e20-403d-a149-350f0614ccc4	GET	/users	http://localhost:3001
20240618	18:59:47	a819a162-0ce9-4c37-8a02-6bab38a7240e	OPTIONS	/users	http://localhost:3001
20240618	18:59:47	7f9358bf-5ea9-4647-8728-5b14307c7742	GET	/users	http://localhost:3001
20240618	18:59:47	4ea641fc-2824-4771-986f-0afca08838ef	OPTIONS	/users	http://localhost:3001
20240618	18:59:47	a3bdc287-2ecd-4fdd-8e2c-5ee052f54261	GET	/users	http://localhost:3001
20240618	18:59:47	a81d51f4-49aa-4efb-89a6-a8cf87b58403	OPTIONS	/users	http://localhost:3001
20240618	18:59:47	c2353d3c-ec84-40ab-b4ec-0ff91ccebe9e	GET	/users	http://localhost:3001
20240618	18:59:47	a3f99008-ec3c-453d-b23e-ca35da1885ad	OPTIONS	/users	http://localhost:3001
20240618	18:59:47	f0026eb0-8cd4-4f8f-8a07-5efd00ba5430	GET	/users	http://localhost:3001
20240618	18:59:47	8a270987-10b7-4a31-a521-1a82f04b5c10	OPTIONS	/users	http://localhost:3001
20240618	18:59:47	3348a260-eba0-4da0-a193-315d86be971e	GET	/users	http://localhost:3001
20240618	18:59:47	1d771b1e-7c25-4466-9699-f22db93ea598	OPTIONS	/users	http://localhost:3001
20240618	18:59:48	4854f3b2-4328-4507-99ad-83fa9d2817b2	GET	/users	http://localhost:3001
20240618	18:59:48	7cdec90d-f3c4-4107-9864-b4de9f02ccb1	OPTIONS	/users	http://localhost:3001
20240618	18:59:48	e5377421-05f1-40b2-94f6-f302711d4d76	GET	/users	http://localhost:3001
20240618	18:59:48	caa0f317-5ef9-4eb8-9855-e2e33328742e	OPTIONS	/users	http://localhost:3001
20240618	18:59:48	3a87585b-e70a-4a78-beb6-45d9ace03f84	GET	/users	http://localhost:3001
20240618	18:59:48	6b8bbe85-c4a1-44e2-aa15-0e7c104b04ea	OPTIONS	/users	http://localhost:3001
20240618	18:59:48	7bcfdaf4-5d2f-4872-ac4b-205355947447	GET	/users	http://localhost:3001
20240618	18:59:48	bd867645-b696-42c4-91a7-08f1d78ceeb1	OPTIONS	/users	http://localhost:3001
20240618	18:59:48	8f01b872-65ca-4c05-8707-ab129a910908	GET	/users	http://localhost:3001
20240618	18:59:48	4557e264-1125-4889-9ee1-842920456f07	OPTIONS	/users	http://localhost:3001
20240618	18:59:48	1ab1a4d9-fd44-4cc5-80c8-5ff785dfd19b	GET	/users	http://localhost:3001
20240618	18:59:49	2b5a5986-ad35-4233-a540-88c77934d685	OPTIONS	/users	http://localhost:3001
20240618	18:59:49	11a54c20-b011-46c3-973b-dd26cd472f1c	GET	/users	http://localhost:3001
20240618	18:59:49	c54e2a09-9f55-4bd6-b96f-68aec89b916f	OPTIONS	/users	http://localhost:3001
20240618	18:59:49	a4e9dd49-7248-4786-8175-7367fcbb5f91	GET	/users	http://localhost:3001
20240618	18:59:49	835805ae-5558-4d6a-8990-b84fcc755447	OPTIONS	/users	http://localhost:3001
20240618	18:59:49	130a7679-fe4a-4bf1-890e-a3d756765fd3	GET	/users	http://localhost:3001
20240618	19:00:05	cccc9a3d-3ceb-4dd3-ac6f-d07d2854808d	OPTIONS	/users	http://localhost:3001
20240618	19:00:05	5c74fc1f-1eb8-4252-bb13-522aca7769a7	GET	/users	http://localhost:3001
20240618	19:00:05	52c7c69d-5da6-4dff-b35e-22d50da8cfec	OPTIONS	/users	http://localhost:3001
20240618	19:00:05	6bf6fe6c-81f5-46bf-b846-2daef92d4049	GET	/users	http://localhost:3001
20240618	19:00:05	e6e24f3e-f212-4adb-83d0-92138ce94285	OPTIONS	/users	http://localhost:3001
20240618	19:00:05	3c0d2335-b039-4ef5-85a8-fc0cfa195d1c	GET	/users	http://localhost:3001
20240618	19:00:06	52661c8e-b50c-4329-bc68-37d273e7f12e	OPTIONS	/users	http://localhost:3001
20240618	19:00:06	b5f471b5-c500-4a62-80bf-76cafef4c564	GET	/users	http://localhost:3001
20240618	19:00:06	df7eb610-75af-4787-bece-9961785200b8	OPTIONS	/users	http://localhost:3001
20240618	19:00:06	8e6670fe-eaf3-42ec-a252-39d9b1854b87	GET	/users	http://localhost:3001
20240618	19:00:17	a108ff35-32a7-450b-92aa-643b2919dfb4	OPTIONS	/users	http://localhost:3001
20240618	19:00:17	923890b6-bcf9-43f2-861c-6fad33bae87c	GET	/users	http://localhost:3001
20240618	19:00:17	f1737164-cf3d-4345-8123-7568456538a4	OPTIONS	/users	http://localhost:3001
20240618	19:00:17	58f0615b-2f39-4aee-aa5f-2c3b1fac083c	GET	/users	http://localhost:3001
20240618	19:00:17	29fa0c18-b168-46fc-97eb-639f3be0709c	OPTIONS	/users	http://localhost:3001
20240618	19:00:17	d4b62869-d150-47b8-9ea6-66d1c034e7e7	GET	/users	http://localhost:3001
20240618	19:00:17	f37b65b2-621e-4285-a3cb-e1f6f8670852	OPTIONS	/users	http://localhost:3001
20240618	19:00:17	537a48c0-e351-4b03-abbe-25269522d47a	GET	/users	http://localhost:3001
20240618	19:00:17	a9995ac2-4b0f-4580-8968-22900ee71313	OPTIONS	/users	http://localhost:3001
20240618	19:00:17	bea9881b-dc76-4f77-8ca5-7ab0adc3a945	GET	/users	http://localhost:3001
20240618	19:00:18	f6367aaf-7d6c-4a39-9e6e-bdbca16d99dc	OPTIONS	/users	http://localhost:3001
20240618	19:00:18	e3c33b83-b180-4f4b-aeeb-f7ce0faa7073	GET	/users	http://localhost:3001
20240618	19:00:18	ccbb0e95-d431-4cd6-bcb7-d4cf812cc14d	OPTIONS	/users	http://localhost:3001
20240618	19:00:18	26351610-4675-44da-aead-61f96d6230ad	GET	/users	http://localhost:3001
20240618	19:00:21	d03eec2f-add3-4e5f-8828-e1888ecf7d46	OPTIONS	/users	http://localhost:3001
20240618	19:00:21	d0330ef4-da93-495b-97a6-125b1806466b	GET	/users	http://localhost:3001
20240618	19:00:24	9d020ba8-5217-4fe2-866b-2c3a012dd7bd	GET	/notes	http://localhost:3001
20240618	19:00:24	7ae4b3e6-6d44-483d-abf3-740171fc4cfa	GET	/users	http://localhost:3001
20240618	19:00:38	7a0617a1-e5c1-4d30-be4d-6406b34b6f8d	OPTIONS	/users	http://localhost:3001
20240618	19:00:38	57d51ae9-64b0-47ba-b8d6-566e9ea15f33	GET	/users	http://localhost:3001
20240618	19:00:44	33232b91-8740-4f92-8533-4164fa6d4ebb	OPTIONS	/users	http://localhost:3001
20240618	19:00:44	9dda3582-51c7-47fa-b603-7376fdc4821a	GET	/users	http://localhost:3001
20240618	19:00:45	1a865231-3045-4d66-8d42-742bd64fce76	OPTIONS	/users	http://localhost:3001
20240618	19:00:45	95895e39-a76f-42e1-af9e-d22ef19c270c	GET	/users	http://localhost:3001
20240618	19:00:45	e1f8e6f2-5389-4a0d-a1ff-beff12a17a92	OPTIONS	/users	http://localhost:3001
20240618	19:00:45	1298b923-b95c-4443-819a-9324481020a3	GET	/users	http://localhost:3001
20240618	19:00:45	56002dbd-7031-41d9-a511-865129578916	OPTIONS	/users	http://localhost:3001
20240618	19:00:45	febaa4c0-25b7-4515-8916-03e2f5ed974d	GET	/users	http://localhost:3001
20240618	19:00:45	70d0bbb1-1a8d-4448-b283-29c484a0e7bb	OPTIONS	/users	http://localhost:3001
20240618	19:00:46	cced0736-d927-4109-b2af-816f6f5b1a56	GET	/users	http://localhost:3001
20240618	19:00:46	12afccf1-b8de-4b21-9dfa-894de29311ac	OPTIONS	/users	http://localhost:3001
20240618	19:00:46	6daa4e5e-7a12-4d41-b4df-7af4627a6ca3	GET	/users	http://localhost:3001
20240618	19:00:46	813c0991-4c2b-4093-bdcd-c08b23cbea80	OPTIONS	/users	http://localhost:3001
20240618	19:00:46	5a2e1f26-23f5-4b91-aa94-a6eb9f5b46c0	GET	/users	http://localhost:3001
20240618	19:00:46	d8981fe1-6a3f-4056-b9a5-2aebcb4eb920	OPTIONS	/users	http://localhost:3001
20240618	19:00:46	b4816d08-2fa2-4ea2-a2d2-0ac16e7f2b0e	GET	/users	http://localhost:3001
20240618	19:00:46	e557c4a0-b5cc-48c5-93d8-58d24944a7f4	OPTIONS	/users	http://localhost:3001
20240618	19:00:46	60967b72-cef0-4ac1-906b-e3af1f5a5a9f	GET	/users	http://localhost:3001
20240618	19:00:48	f8002a9f-c7b2-4365-98e6-d62d4b15867e	POST	/auth/logout	http://localhost:3001
20240618	19:01:02	32e20cc0-aa5e-45f9-9f1c-83412145cb53	GET	/notes	http://localhost:3001
20240618	19:01:02	0ce45973-2e20-45ba-8bb3-e338db89065a	GET	/users	http://localhost:3001
20240618	19:01:05	14bdf994-8359-45a0-b360-39c745be0cac	GET	/users	http://localhost:3001
20240618	19:01:12	203f740d-4d87-4e26-adbe-cbff805b5901	GET	/notes	http://localhost:3001
20240618	19:03:41	4df8d34f-353b-42da-8ff0-9877e760522d	GET	/notes	http://localhost:3001
20240618	19:06:57	d7d03772-6ea2-481b-8e91-3bc0c596a805	GET	/notes	http://localhost:3000
20240618	19:06:57	62a364f2-145f-4ee3-bacd-296a0e7397f6	GET	/users	http://localhost:3000
20240618	19:07:02	b3fffd32-fbe3-464e-b854-dedb5b9450f4	GET	/users	http://localhost:3000
20240618	19:07:32	763b98b8-8609-4044-b4f1-ad2f2717bb9c	OPTIONS	/users	http://localhost:3000
20240618	19:07:32	32d2289b-4a2d-4341-a2f2-bc94b418875f	POST	/users	http://localhost:3000
20240618	19:07:32	8bc43cbe-7d4b-471e-99ba-50a6a48e0539	GET	/users	http://localhost:3000
20240618	19:07:34	5c46f8e2-3596-4f2f-8ab4-e9a082f6cc15	POST	/users	http://localhost:3000
20240618	19:07:34	53fa9d9d-5912-431c-a2f1-7d376e1b596e	GET	/users	http://localhost:3000
20240618	19:08:02	db165225-2e2d-4681-9d3c-c81ea3e6baf9	POST	/auth/logout	http://localhost:3000
20240618	19:08:09	d8c0d2cb-ede4-4761-8797-287f119ee338	POST	/auth/logout	http://localhost:3000
20240618	19:08:14	cd9fdf05-0541-4b6a-bb5f-8ea4bb5fdc07	OPTIONS	/users	http://localhost:3000
20240618	19:08:14	423a1173-3d71-42ad-a721-643b0592a035	POST	/users	http://localhost:3000
20240618	19:08:21	eb82a29f-eada-40ce-bd39-f48db8bd826d	GET	/users	http://localhost:3000
20240618	19:08:24	3f768243-b944-4c2f-8536-cb401522c510	POST	/auth/logout	http://localhost:3000
20240618	19:08:24	5cdd84fd-8b35-4232-bc98-2525afedafd7	GET	/users	http://localhost:3000
20240618	19:08:31	da917306-d684-49d0-9875-137e9c88dbaf	GET	/notes	http://localhost:3000
20240618	19:13:14	4051b1e2-ce82-4797-9a51-b21c12e0aafe	GET	/notes	http://localhost:3000
20240618	19:13:14	71e812c4-4fa5-4aaf-8954-ea329cd2b181	GET	/users	http://localhost:3000
20240618	19:13:17	44c83d37-ee20-46bc-85c6-e356cf748833	GET	/users	http://localhost:3000
20240618	19:13:19	31b27384-9735-49d1-916d-5092b470ecb9	GET	/users	http://localhost:3000
20240618	19:13:19	34c3ab01-35e6-4310-a99f-33e12d98c525	GET	/notes	http://localhost:3000
20240618	19:13:39	2c75b13e-1b7a-4c91-a09c-859b0cd9bba1	OPTIONS	/users	http://localhost:3000
20240618	19:13:39	760f3041-9783-4b7d-883b-23b40ea62a6d	POST	/users	http://localhost:3000
20240618	19:13:39	b82cbec4-dbca-4514-bdcc-217b7ec5d35e	GET	/users	http://localhost:3000
20240618	19:13:41	03ff2140-8882-4713-8564-39fa6556254e	POST	/auth/logout	http://localhost:3000
20240618	19:19:45	ffc1ee51-8e56-4743-8a9c-dfb162ac1be3	GET	/notes	http://localhost:3000
20240618	19:19:45	b65a9d8b-53a1-4b1f-99e3-2a74e849cfb9	GET	/users	http://localhost:3000
20240618	19:19:49	1374ba86-3778-4f42-986f-a5db629c343c	GET	/users	http://localhost:3000
20240618	19:19:55	e7bf6ddf-fe16-4ba3-b290-b03bf1b6c90e	GET	/users	http://localhost:3000
20240618	19:19:58	1bc1d48c-f661-4926-af08-8a06bd970fb5	GET	/users	http://localhost:3000
20240618	19:23:14	4c060e8b-dbc0-408d-8888-19f3174f0880	OPTIONS	/users	http://localhost:3000
20240618	19:23:14	594cbd67-3641-42d1-8a5c-78129c4a44cd	POST	/users	http://localhost:3000
20240618	19:23:17	3deb0b0b-96c3-414d-8281-1ae9a0e9265e	POST	/users	http://localhost:3000
20240618	19:23:17	386ec176-6a19-4a7c-862f-9f05910176a5	POST	/users	http://localhost:3000
20240618	19:23:17	1a05b94e-02ae-4832-9d19-7aac3c202e72	POST	/users	http://localhost:3000
20240618	19:23:17	265672db-fe2b-4915-8dc9-75bfc8cfcc82	POST	/users	http://localhost:3000
20240618	19:23:17	2f2e1ff9-85dd-460e-ab31-9cae6d233b4d	POST	/users	http://localhost:3000
20240618	19:23:18	90c2294f-9c30-483f-b605-e2412401d1f5	POST	/users	http://localhost:3000
20240618	19:23:18	11e05ef4-73cf-472c-86ed-68ba4dbb080f	POST	/users	http://localhost:3000
20240618	19:23:18	86d584ab-8cc4-4e6e-9a60-928feb159940	POST	/users	http://localhost:3000
20240618	19:23:22	fb370383-8266-45af-90cf-d41a2eb0af82	GET	/notes	http://localhost:3000
20240618	19:25:49	3855c93c-e1a7-4d7a-9f69-dc693fcb8dc5	GET	/users	undefined
20240618	19:26:10	b2f9b02a-a449-4ded-81be-4126ab3eab0d	GET	/users	undefined
20240618	19:28:27	6bed1180-82fc-445c-a656-b2ccd58b3f4c	POST	/users	undefined
20240618	19:36:29	bee5d1d0-7635-4c24-b77b-ab216ec3d780	POST	/users	undefined
20240618	19:37:11	3b3d2f2d-a6ef-4fc0-b267-f245363e07f4	POST	/users	undefined
20240618	19:39:42	5e33a964-1ec1-4e51-a307-5dbab643c927	POST	/users	undefined
20240618	19:39:56	8cfce0b8-5103-4393-9f5b-836449257b1b	POST	/users	undefined
20240618	19:40:15	314815b7-0794-4b33-bdf2-19e2b078b1af	POST	/users	undefined
20240618	19:40:20	b75193c2-b614-4f79-b59d-4adacc8b5dc9	GET	/users	undefined
20240618	19:40:53	d5ecf5e2-e15e-44ed-9cc2-ee006d265c37	GET	/notes	http://localhost:3000
20240618	19:40:53	65854f88-2c13-4811-b999-7ce6e3c86477	GET	/users	http://localhost:3000
20240618	19:40:56	469466d5-6a81-40c0-b513-60d94cd74099	GET	/users	http://localhost:3000
20240618	19:41:16	a4a4fa54-7bcb-4c12-9e3f-a6e753d980ba	OPTIONS	/users	http://localhost:3000
20240618	19:41:16	1f380f98-9648-4871-853c-cc5f274ce4e0	PATCH	/users	http://localhost:3000
20240618	19:41:16	ee1d941a-b2d6-463c-97eb-8e951e8ca5cf	GET	/users	http://localhost:3000
20240618	19:42:16	75eb7bff-90ec-4113-8a19-5f444210f10a	GET	/users	http://localhost:3000
20240618	19:43:17	6dc23a55-2227-4d9a-b3e7-476bf3f781e0	GET	/users	http://localhost:3000
20240618	19:44:18	e61eea02-8015-4060-b3d8-d5d55ad15544	GET	/users	http://localhost:3000
20240618	19:45:19	e9211adf-c6c6-4f0c-842c-b5d68b268811	GET	/users	http://localhost:3000
20240618	19:46:20	1357387b-eed1-4fb3-ba0d-30d623073ccd	GET	/users	http://localhost:3000
20240618	19:47:21	5c1669ba-cd7e-4de7-90fb-3ee16600413c	GET	/users	http://localhost:3000
20240618	19:48:22	9bacf024-b4a4-4338-a304-497de2368357	GET	/users	http://localhost:3000
20240618	19:49:23	75afe8f7-89d8-4bd0-bdef-68118290689b	GET	/users	http://localhost:3000
20240618	19:50:24	e3d49262-2e81-441b-a362-dd390905047c	GET	/users	http://localhost:3000
20240618	19:51:25	c803db13-301a-4754-aaf8-f394e491ab1b	GET	/users	http://localhost:3000
20240618	19:52:26	162920e4-f89c-4d3c-8994-8a66c26543d7	GET	/users	http://localhost:3000
20240618	19:53:27	5533add3-8672-44fb-b7a0-e73e7df2b122	GET	/users	http://localhost:3000
20240618	19:54:27	e190ff4f-a413-4a88-b11a-e15b6c90e003	GET	/users	http://localhost:3000
20240618	19:55:27	97680ce9-9962-43c6-9944-bcfe74cf13b2	GET	/users	http://localhost:3000
20240618	19:56:28	138c3774-4d49-445a-94d2-1f75cbbc9723	GET	/users	http://localhost:3000
20240618	19:56:49	78fee2d7-0dd9-4fc5-b371-2f6977b2d706	GET	/users	http://localhost:3000
20240618	19:56:58	8854d008-b297-4ff1-ae56-0e232a15b9c5	OPTIONS	/users	http://localhost:3000
20240618	19:56:58	731e488b-0084-4904-8aec-59cec3d9337c	PATCH	/users	http://localhost:3000
20240618	19:56:58	b16350e1-dc9f-4408-952d-4fe632a0c05b	GET	/users	http://localhost:3000
20240618	19:57:12	e2510318-3414-4663-9538-28b8ec54d16e	OPTIONS	/users	http://localhost:3000
20240618	19:57:12	9867066d-a908-462f-a9b7-1ed68c39704c	PATCH	/users	http://localhost:3000
20240618	19:57:12	e6c974be-bb56-4c5b-945b-c905d119a86d	GET	/users	http://localhost:3000
20240618	19:57:27	ac754ab8-86f8-4c51-97b5-b82b29297ee3	GET	/users	http://localhost:3000
20240618	19:57:32	dffb5659-ed45-4252-a667-f66fbbd6e791	GET	/users	http://localhost:3000
20240618	19:57:33	688690be-e070-4d30-bfee-999eee62151e	GET	/notes	http://localhost:3000
20240618	19:57:33	42e8c5e6-e702-4ff7-afa2-19957944c4b9	GET	/users	http://localhost:3000
20240618	19:57:49	57507bbe-da44-4081-a3de-8944b80695ed	OPTIONS	/users	http://localhost:3000
20240618	19:57:49	30abf821-74e6-42ed-8feb-4aa5b557f9fa	POST	/users	http://localhost:3000
20240618	19:57:49	092a1003-397f-4048-be0b-64f4f87bef4b	GET	/users	http://localhost:3000
20240618	19:57:55	fdfdf5fa-ba0c-402e-918b-3601e6632a28	GET	/users	http://localhost:3000
20240618	19:57:57	ca5a5315-d90d-4819-84da-a6de7d3d4682	OPTIONS	/users	http://localhost:3000
20240618	19:57:57	678b7b09-e489-42e3-b2f0-0415528e3e40	DELETE	/users	http://localhost:3000
20240618	19:57:58	e046bc45-89f0-4dd8-816c-a8a6ccfa17a6	GET	/users	http://localhost:3000
20240618	19:58:58	967fb5b3-f861-4a23-9aac-9cb0ff20d7fc	GET	/users	http://localhost:3000
20240618	19:59:59	c6ad4ee4-82ec-4cf8-898a-7b5fb5b4bd61	GET	/users	http://localhost:3000
20240618	20:00:41	b4298c78-62d0-4d48-be31-9abbd634208a	GET	/users	http://localhost:3000
20240618	20:00:46	02937bbb-6f8b-4e69-8125-f187393b979c	GET	/notes	http://localhost:3000
20240618	20:08:27	78949c03-7fe0-4ab9-9ceb-a4616ac5b5ce	OPTIONS	/notes	http://localhost:3000
20240618	20:08:27	71bbc780-cdcb-4066-b43a-040c2d61a1fe	POST	/notes	http://localhost:3000
20240618	20:08:27	7e686162-70e1-4c54-8d8f-32411b652cc9	GET	/notes	http://localhost:3000
20240618	20:08:32	7c2ee7d2-1062-4d4e-b067-43e3d1e2a474	GET	/notes	http://localhost:3000
20240618	20:08:58	36bb47d2-b9ac-493e-8d18-665d1f5d2753	GET	/notes	http://localhost:3000
20240618	20:09:13	3eeac700-8543-48ad-a382-1ecf7cd9ec73	GET	/notes	http://localhost:3000
20240618	20:09:29	cd398abe-5334-4055-8362-9c92cce21817	GET	/notes	http://localhost:3000
20240618	20:09:44	471a6f6a-d767-47b6-9245-e275e1d402fb	GET	/notes	http://localhost:3000
20240618	20:09:59	acaa52bf-9483-4c94-b0ed-a68bbb516850	GET	/notes	http://localhost:3000
20240618	20:10:14	2dd82ac8-2a9a-4006-841f-cd3c7717f3ad	GET	/notes	http://localhost:3000
20240618	20:10:17	bd5a7f97-1ecb-40b2-889c-563ac9bc5a23	GET	/notes	http://localhost:3000
20240618	20:10:36	0cf110bf-b7e2-48df-aecd-79a232fcc82a	GET	/notes	http://localhost:3000
20240618	20:10:52	204ab7ef-4239-4ed4-aca1-4d5b0d6c7e12	GET	/notes	http://localhost:3000
20240618	20:11:08	55d25ca7-f7cf-48c5-8faf-d47657862732	GET	/notes	http://localhost:3000
20240618	20:11:24	2ca22b4f-5390-462d-b889-d9a0fc87c133	GET	/notes	http://localhost:3000
20240618	20:11:40	94aad142-e374-4328-a9f2-fefdcd2a0285	GET	/notes	http://localhost:3000
20240618	20:11:56	1180a434-3870-4446-8150-27e07e9ea4fc	GET	/notes	http://localhost:3000
20240618	20:12:12	723a771d-642d-4702-8867-ab96c26369f5	GET	/notes	http://localhost:3000
20240618	20:12:28	eb07f223-e89b-4602-ba4f-c0565a1cbeca	GET	/notes	http://localhost:3000
20240618	20:12:44	daea0ec1-fcde-4702-b38d-5d1b2c421e49	GET	/notes	http://localhost:3000
20240618	20:13:00	e35fc29e-13de-41fd-bef2-5ae926a152d5	GET	/notes	http://localhost:3000
20240618	20:13:16	a52e2ddb-ff06-4023-abf6-4428e594e9d5	GET	/notes	http://localhost:3000
20240618	20:13:32	fbd6045a-2a0c-43dc-85d4-7339b478be35	GET	/notes	http://localhost:3000
20240618	20:13:48	7f43b0c2-6353-495c-86f7-9aa0681e0782	GET	/notes	http://localhost:3000
20240618	20:14:04	856a626f-5a75-44e9-9e60-e5a93f6e2204	GET	/notes	http://localhost:3000
20240618	20:14:20	7c209306-55e9-473a-877f-c784ddef1f6b	GET	/notes	http://localhost:3000
20240618	20:14:36	95406d88-e3dc-48ac-a35a-9f84f1907d6a	GET	/notes	http://localhost:3000
20240618	20:14:52	77cf4851-a792-4f71-bdaa-0f967be8d3da	GET	/notes	http://localhost:3000
20240618	20:15:08	f0135587-3e70-4dfb-a9dc-a71b50a32ae6	GET	/notes	http://localhost:3000
20240618	20:15:24	113be0ab-30c8-47ec-bf41-1317c80c8952	GET	/notes	http://localhost:3000
20240618	20:15:40	31ddccbf-6f1f-4f3a-bf23-58d9eef7e851	GET	/notes	http://localhost:3000
20240618	20:15:56	f97a4340-e09c-429e-b69c-bd5e678b703c	GET	/notes	http://localhost:3000
20240618	20:16:12	ba8873ef-7617-4546-aaf2-e8f3abff8c29	GET	/notes	http://localhost:3000
20240618	20:16:28	3091a525-d823-4bae-9e5e-ecc1469efdb2	GET	/notes	http://localhost:3000
20240618	20:16:44	3a9f8104-d681-4dae-9df1-5fa87dda8fe8	GET	/notes	http://localhost:3000
20240618	20:17:00	2d5c450e-f2c6-4fbf-b445-eb63146e2bb2	GET	/notes	http://localhost:3000
20240618	20:17:16	101bf826-dda1-48bf-ade8-08d33d8b21b2	GET	/notes	http://localhost:3000
20240618	20:17:32	bbd20421-ed1c-4531-bbd1-d532c7ec12fa	GET	/notes	http://localhost:3000
20240618	20:17:48	766d1314-68a7-4f34-883b-26e8e86b1fc8	GET	/notes	http://localhost:3000
20240618	20:18:04	85b0c1aa-63cf-47ce-a674-1e09131b86e1	GET	/notes	http://localhost:3000
20240618	20:18:20	49e93a66-b2e8-4387-a2ab-b4ec3a1d6fe1	GET	/notes	http://localhost:3000
20240618	20:18:36	bf82d00d-e7c3-438d-aef5-22eeb13a8106	GET	/notes	http://localhost:3000
20240618	20:18:52	42ca4505-7d32-4619-9a55-fc03775790f1	GET	/notes	http://localhost:3000
20240618	20:19:08	06c4ac3b-eea7-4f62-a7f2-8880be0bcf54	GET	/notes	http://localhost:3000
20240618	20:19:24	d4fb1dd1-38e7-40d5-9eea-3479107bb0b4	GET	/notes	http://localhost:3000
20240618	20:19:40	d369970d-b6b1-43bb-83c5-d030e5eb0f61	GET	/notes	http://localhost:3000
20240618	20:19:56	413d4d96-28b7-46fd-b76a-066f652804e6	GET	/notes	http://localhost:3000
20240618	20:20:12	321166dc-7dec-452f-b033-de93ab87084f	GET	/notes	http://localhost:3000
20240618	20:20:28	b2766475-9ed2-4bff-8490-49784cb0f72b	GET	/notes	http://localhost:3000
20240618	20:20:44	4c55699e-5272-4874-b8d2-cf03aee7d601	GET	/notes	http://localhost:3000
20240618	20:21:00	d696a1de-9b3f-430a-8ef4-0f4bcf1cad9a	GET	/notes	http://localhost:3000
20240618	20:21:16	80bf47a0-4545-40d6-aa5a-27fcbddd687a	GET	/notes	http://localhost:3000
20240618	20:21:32	e0c7bd96-527b-4d4d-835e-98bd570867c9	GET	/notes	http://localhost:3000
20240618	20:21:48	f95b8cd4-9f83-49a4-beec-35ab8fd57111	GET	/notes	http://localhost:3000
20240618	20:22:04	88480267-e191-44be-9f02-66677a1a0dc8	GET	/notes	http://localhost:3000
20240618	20:22:20	382ee0d0-d1b7-4042-9692-640b9fab77f7	GET	/notes	http://localhost:3000
20240618	20:22:36	cb5285ae-2051-4938-b135-782ea7d130fc	GET	/notes	http://localhost:3000
20240618	20:22:52	39066b05-4132-465a-82e7-6353a11a056e	GET	/notes	http://localhost:3000
20240618	20:23:08	f8ef3868-f72d-4082-ae5e-adee9a2dd737	GET	/notes	http://localhost:3000
20240618	20:23:24	d68c1d42-39d0-4e78-933a-6c9a9d8c7557	GET	/notes	http://localhost:3000
20240618	20:23:40	1e2d5dc1-f6a7-477b-ad0a-6798806b4807	GET	/notes	http://localhost:3000
20240618	20:23:56	5bb7ad25-38d6-441a-8636-21f86dab9a39	GET	/notes	http://localhost:3000
20240618	20:24:12	a925e59f-5f63-4d15-9f91-7782499e5e6d	GET	/notes	http://localhost:3000
20240618	20:24:28	92401fbe-b37a-4aac-8fd8-b6533ddd3fee	GET	/notes	http://localhost:3000
20240618	20:24:44	a5c491e5-cc83-4132-a54e-ee56a590901c	GET	/notes	http://localhost:3000
20240618	20:25:00	f77b6059-1885-4c31-b34b-4bcdb354c4ed	GET	/notes	http://localhost:3000
20240618	20:25:16	fecd82d7-6dfd-47c3-aabd-242384ed0e57	GET	/notes	http://localhost:3000
20240618	20:25:32	5f62bfd4-605d-4924-bdea-a78b89a049cb	GET	/notes	http://localhost:3000
20240618	20:25:48	0aeed649-acb2-472f-b490-6bdbdf27c9c9	GET	/notes	http://localhost:3000
20240618	20:26:04	c0519b4d-0f6b-4409-bec7-b473068ccbb6	GET	/notes	http://localhost:3000
20240618	20:26:20	ae034987-f9e8-447f-8932-e5e292569404	GET	/notes	http://localhost:3000
20240618	20:26:36	daa800c4-61ff-432a-b47d-db30d46e63ad	GET	/notes	http://localhost:3000
20240618	20:26:52	38d5b205-7129-4680-bed6-a510e1c2a849	GET	/notes	http://localhost:3000
20240618	20:27:08	885d871f-c192-4d1d-a41f-ca53ca573be7	GET	/notes	http://localhost:3000
20240618	20:27:24	522e720b-38bb-4447-a7ea-29d4114ceb77	GET	/notes	http://localhost:3000
20240618	20:27:40	9ac54d01-8b68-4376-b4af-550faf9a112d	GET	/notes	http://localhost:3000
20240618	20:27:56	25fe41d5-f042-44c3-a977-c742c61adef3	GET	/notes	http://localhost:3000
20240618	20:28:12	a35a180f-b985-4259-9954-e51d86671979	GET	/notes	http://localhost:3000
20240618	20:28:28	e972f335-85cf-4933-af40-1db1f244d305	GET	/notes	http://localhost:3000
20240618	20:28:44	43d9e35e-858c-4002-b78d-65957b3fb522	GET	/notes	http://localhost:3000
20240618	20:29:00	efe0ad61-3e67-42fe-9edb-dd6f73eb0fec	GET	/notes	http://localhost:3000
20240618	20:29:16	b1cdb2a3-150c-4dca-a409-8e9ab51d5d1c	GET	/notes	http://localhost:3000
20240618	20:29:32	3336a962-59c9-4659-9a49-f1af8d2b9a68	GET	/notes	http://localhost:3000
20240618	20:29:48	8c2ee7f6-da4d-4c25-bcb2-5b5b7cc09cb5	GET	/notes	http://localhost:3000
20240618	20:30:04	148747bd-4ca7-483c-9949-516e8b355ed1	GET	/notes	http://localhost:3000
20240618	20:30:20	fa0f7a2e-e5bc-4d9e-81fb-158cc50de3aa	GET	/notes	http://localhost:3000
20240618	20:30:36	6b9dcb8d-1ca3-4030-a485-5172ef759c3c	GET	/notes	http://localhost:3000
20240618	20:30:52	bf2b5d78-3bcc-4c0f-a765-ca366487ca72	GET	/notes	http://localhost:3000
20240618	20:31:08	15832d79-05dc-4de3-a556-58b73b66988f	GET	/notes	http://localhost:3000
20240618	20:31:24	67928b45-e11e-466b-a946-4b750b7e82e2	GET	/notes	http://localhost:3000
20240618	20:31:40	ff52a20a-49d4-48ec-b22b-36191ff7401b	GET	/notes	http://localhost:3000
20240618	20:31:56	5bdaf7e2-0bc9-4cce-9941-9f603bf43182	GET	/notes	http://localhost:3000
20240618	20:32:12	ed175d22-e08d-456c-8442-78999dd4ca4a	GET	/notes	http://localhost:3000
20240618	20:32:28	c54866fb-1ac1-4f7d-8cf2-637a9d6112ad	GET	/notes	http://localhost:3000
20240618	20:32:44	7d4f577b-2f93-48da-ba23-a38af3b933f3	GET	/notes	http://localhost:3000
20240618	20:33:00	18c094f8-3150-4c0c-8845-68525842cd51	GET	/notes	http://localhost:3000
20240618	20:33:16	f962afa6-f1c4-4ea3-a15b-2834cdb57c89	GET	/notes	http://localhost:3000
20240618	20:33:32	b074d17b-dbd2-48b3-90cd-6cf0242cc12d	GET	/notes	http://localhost:3000
20240618	20:33:48	cf122817-8100-4b19-8b28-99a57beecce0	GET	/notes	http://localhost:3000
20240618	20:34:04	b4466b8a-7691-4304-9588-b91b3553c1a6	GET	/notes	http://localhost:3000
20240618	20:34:20	4305e88a-7af6-4f4c-be2b-b013826c4bd9	GET	/notes	http://localhost:3000
20240618	20:34:36	3b28eee3-3f5e-423e-850d-ec95ac8c6be5	GET	/notes	http://localhost:3000
20240618	20:34:52	13e2c676-a642-4174-8b5b-5a62355e95ea	GET	/notes	http://localhost:3000
20240618	20:35:08	1a2ee906-1183-4081-af98-9967921b3604	GET	/notes	http://localhost:3000
20240618	20:35:24	96f0319f-b2bb-429d-bc51-d4f3955db6f1	GET	/notes	http://localhost:3000
20240618	20:35:40	cd407aaa-b95b-4b3e-92b8-c63379a52802	GET	/notes	http://localhost:3000
20240618	20:35:56	eedb1e1f-e0cd-4bd3-91fb-18cc472689eb	GET	/notes	http://localhost:3000
20240618	20:36:12	674137b0-2690-4b14-a98d-71984cea40dc	GET	/notes	http://localhost:3000
20240618	20:36:28	603725c9-ec03-4881-b474-310b7a7d5532	GET	/notes	http://localhost:3000
20240618	20:36:44	d88eb134-af96-468e-9f6f-5b5305a41090	GET	/notes	http://localhost:3000
20240618	20:37:00	4b5b28c5-5599-4842-8133-ed767a898c8b	GET	/notes	http://localhost:3000
20240618	20:37:16	a9093d91-ccc7-42c4-b2ee-f58ee3fa4735	GET	/notes	http://localhost:3000
20240618	20:37:32	cc87cd25-6455-4c16-a213-e10edff9368d	GET	/notes	http://localhost:3000
20240618	20:37:48	8f371220-2507-4645-a2de-cc2f7e53ce14	GET	/notes	http://localhost:3000
20240618	20:38:04	331c10bc-d383-4983-9790-5290ebe5a6c9	GET	/notes	http://localhost:3000
20240618	20:38:20	a3bbd610-fede-481f-84cd-51f29a24227e	GET	/notes	http://localhost:3000
20240618	20:38:36	2610e70c-b1a4-4c9e-8421-e68c68b6e854	GET	/notes	http://localhost:3000
20240618	20:38:52	a70d3d00-968c-4aeb-9ca5-8f29d8994262	GET	/notes	http://localhost:3000
20240618	20:39:08	59df3ce5-b9fa-4eec-87b7-438870c105a8	GET	/notes	http://localhost:3000
20240618	20:39:24	1e49a216-8547-4b20-8b16-187ad093dc63	GET	/notes	http://localhost:3000
20240618	20:39:40	84408067-b3fa-4fd3-a639-a0a0b678b775	GET	/notes	http://localhost:3000
20240618	20:39:56	5d77509e-73d6-4f2b-9e04-f342240b11e1	GET	/notes	http://localhost:3000
20240618	20:40:12	d3d25ce8-f6c9-4ce8-b156-8621ceb8deed	GET	/notes	http://localhost:3000
20240618	20:40:28	e5d38a95-f109-4736-a05e-b6dc75a98817	GET	/notes	http://localhost:3000
20240618	20:40:44	b674afd7-3220-46fe-8175-6cf5a3aed271	GET	/notes	http://localhost:3000
20240618	20:41:00	f9473bf9-ef71-48b0-962e-dc5824df9156	GET	/notes	http://localhost:3000
20240618	20:41:16	429fc67f-6500-4533-a7b5-729de3d7f1b5	GET	/notes	http://localhost:3000
20240618	20:41:32	aa7412f3-5dfb-40af-86bb-9103ca1e80e1	GET	/notes	http://localhost:3000
20240618	20:41:48	95703e81-8cb7-48a0-9408-7f26225db54f	GET	/notes	http://localhost:3000
20240618	20:42:04	f8214077-1158-48d8-b538-a6fc8f5e76f9	GET	/notes	http://localhost:3000
20240618	20:42:20	8868e123-41ac-4f5b-8069-f4ad19d8eda1	GET	/notes	http://localhost:3000
20240618	20:42:36	8bd68e95-1c81-4053-a1e7-0b0a0ba114ad	GET	/notes	http://localhost:3000
20240618	20:42:52	4da2ed6e-928a-450d-bca2-86cf4b091a64	GET	/notes	http://localhost:3000
20240618	20:43:08	d4230b50-6f34-4a35-9a99-ebfcdb9de7e4	GET	/notes	http://localhost:3000
20240618	20:43:24	da52a242-47b8-4560-b690-923ab9894014	GET	/notes	http://localhost:3000
20240618	20:43:40	564e666a-e483-4a7d-8128-7d636c82c19a	GET	/notes	http://localhost:3000
20240618	20:43:56	e40a4f10-ac36-442d-a8c8-a92f51271368	GET	/notes	http://localhost:3000
20240618	20:44:12	43c6f30a-4113-49e4-b877-3bcc22e38837	GET	/notes	http://localhost:3000
20240618	20:44:28	560c45b5-d790-4dca-8590-2c35ba257d92	GET	/notes	http://localhost:3000
20240618	20:44:44	b0c6f707-4301-469d-b8ec-5476862f9944	GET	/notes	http://localhost:3000
20240618	20:45:00	ddce774d-f46e-439e-b2dd-8eaf2e78ed41	GET	/notes	http://localhost:3000
20240618	20:45:16	ece30192-6910-4b64-bb1a-2fc45a6ca632	GET	/notes	http://localhost:3000
20240618	20:45:32	c34d989a-356f-4cc8-8150-05df88e24337	GET	/notes	http://localhost:3000
20240618	20:45:48	c9c497f5-b2fc-4daf-a3a6-3a23f38a8a68	GET	/notes	http://localhost:3000
20240618	20:46:04	ed3343f0-32e8-457b-b5f6-6ddca6431708	GET	/notes	http://localhost:3000
20240618	20:46:20	56bfb5a3-12cc-4418-b715-5879ca88285f	GET	/notes	http://localhost:3000
20240618	20:46:36	ea9913f9-8085-40a9-8c2f-d6fe3f6fdde5	GET	/notes	http://localhost:3000
20240618	20:46:52	65ad9e74-47a1-4929-a0f5-cc574d68782e	GET	/notes	http://localhost:3000
20240618	20:47:05	d9970b53-7c02-4adb-ba13-aa34c3afb17a	GET	/notes	http://localhost:3000
20240618	20:47:05	13397e89-2ce0-4840-930b-150541290a18	GET	/users	http://localhost:3000
20240618	20:47:07	1afd2798-456c-4cf8-8d75-1040b1095d63	GET	/notes	http://localhost:3000
20240618	20:47:08	919f0531-6d05-42dd-8009-4664983edc8e	GET	/notes	http://localhost:3000
20240618	20:47:13	4d5d1f25-e167-476b-8c0a-7927d677f51d	GET	/users	http://localhost:3000
20240618	20:47:19	d475f285-c6ba-4765-911d-7474b02a76b5	GET	/users	http://localhost:3000
20240618	20:47:23	668ee213-2070-4006-9573-f0849e3e51b0	GET	/users	http://localhost:3000
20240618	20:47:24	e89ec894-0d45-4d3b-bc7b-132c99a15614	GET	/notes	http://localhost:3000
20240618	20:47:28	3f5c7177-18e9-4fa8-872e-cbc24a221b84	GET	/notes	http://localhost:3000
20240618	20:47:40	39493320-c93b-4a6e-8dc0-eae32bc0dbf7	GET	/notes	http://localhost:3000
20240618	20:47:43	dacd189d-b88b-43d3-b9e3-e135d685d8a5	GET	/notes	http://localhost:3000
20240618	20:47:46	e6e0fdf7-2d24-47fb-b220-3417dba1bfb8	GET	/notes	http://localhost:3000
20240618	20:47:56	92b78e5b-9f0d-4157-afbc-3cea36a66f6d	GET	/notes	http://localhost:3000
20240618	20:48:12	fcfdb3af-8b75-4dbc-894d-45696756c8b7	GET	/notes	http://localhost:3000
20240618	20:48:28	258983b8-4aa6-4234-a748-fbd23a5cc3c8	GET	/notes	http://localhost:3000
20240618	20:48:37	3d788460-2e13-46fe-8b04-8d06fadd7882	GET	/notes	http://localhost:3000
20240618	20:48:44	5ddf0898-2ec3-4636-8d88-d373b5461e26	GET	/notes	http://localhost:3000
20240618	20:48:46	40849ef4-66d7-46e1-b81f-5125cf40a31e	GET	/notes	http://localhost:3000
20240618	20:49:00	b431afe4-3e09-4fe8-9b36-6a8dc841085c	GET	/notes	http://localhost:3000
20240618	20:49:01	ddc860ab-cc7d-4f41-98d2-169b5830068f	GET	/notes	http://localhost:3000
20240618	20:49:16	3bd25a86-ff61-400e-9100-0ec36bcb9a30	GET	/notes	http://localhost:3000
20240618	20:49:16	9b278911-6236-45c9-8f7a-6e641d0dff8d	GET	/notes	http://localhost:3000
20240618	20:49:31	b34cbcf8-2c56-4909-aabf-c70f5773793f	GET	/notes	http://localhost:3000
20240618	20:49:32	08c3eebf-8c8d-4aaf-9800-c81c4497635b	GET	/notes	http://localhost:3000
20240618	20:49:46	dc9d4b5c-ff1f-4874-ae38-4f02e6a7073a	GET	/notes	http://localhost:3000
20240618	20:49:48	49a13062-d92d-4e67-bd70-43f52354f58b	GET	/notes	http://localhost:3000
20240618	20:50:01	ced2a026-84ec-4008-8f8d-c12e2da9b7b8	GET	/notes	http://localhost:3000
20240618	20:50:04	068d05a4-96bd-4ef9-bd1a-602439e3152d	GET	/notes	http://localhost:3000
20240618	20:50:16	ac5e5e55-401f-44b6-bcf3-16bf4015013d	GET	/notes	http://localhost:3000
20240618	20:50:20	cba904fc-bddb-4a53-b2b3-5f2e4bedbac2	GET	/notes	http://localhost:3000
20240618	20:50:32	d2ad5a40-e6b2-44e1-8ec1-78869bc42162	GET	/notes	http://localhost:3000
20240618	20:50:36	2f6c6e1b-81a1-4162-a328-01127fbca24a	GET	/notes	http://localhost:3000
20240618	20:50:47	484cf138-0a62-4365-a98f-34bc34e068ae	GET	/notes	http://localhost:3000
20240618	20:50:51	f1949ebf-8614-4479-b449-e562f3085ec8	GET	/notes	http://localhost:3000
20240618	20:50:52	389d98e6-f730-47ed-845a-983661669b2e	GET	/notes	http://localhost:3000
20240618	20:50:55	dcd6cb49-aacc-479d-ac3d-b497fa22abb9	GET	/notes	http://localhost:3000
20240618	20:51:06	c575f7d8-165f-4844-b411-27eab6f66980	GET	/notes	http://localhost:3000
20240618	20:51:08	65dbdfb9-c460-4084-99b1-c7eeb367da9d	GET	/notes	http://localhost:3000
20240618	20:51:21	4f27b838-81aa-4a80-90b5-feec7ded05bd	GET	/notes	http://localhost:3000
20240618	20:51:24	bf7e16d0-5888-4cba-988c-a1e124c7cbf0	GET	/notes	http://localhost:3000
20240618	20:51:37	3639bbfe-6e04-4f31-b763-74ff9e40747f	GET	/notes	http://localhost:3000
20240618	20:51:40	76b3e3d7-b2cb-49f6-94b7-5eaf40ccb5d4	GET	/notes	http://localhost:3000
20240618	20:51:53	6b5432d4-6a33-4b69-b8c1-f2ebed262b02	GET	/notes	http://localhost:3000
20240618	20:51:56	97da79ab-3a0b-4ac9-bcef-cbf7ab6f4e38	GET	/notes	http://localhost:3000
20240618	20:52:09	6d5dfc8b-9eae-4410-97eb-d51b0feb6ef3	GET	/notes	http://localhost:3000
20240618	20:52:12	8371a300-4971-41bf-b917-e2b6d0d0a558	GET	/notes	http://localhost:3000
20240618	20:52:25	8b5a096d-200d-48ac-8c21-7ca0f61e4f40	GET	/notes	http://localhost:3000
20240618	20:52:28	a3838271-d986-405b-ac90-947ae8ae8b12	GET	/notes	http://localhost:3000
20240618	20:52:41	019f7a80-6e3b-438a-9ccf-f4f2934a50b6	GET	/notes	http://localhost:3000
20240618	20:52:44	547d548a-e76c-4f92-9820-424100af34d7	GET	/notes	http://localhost:3000
20240618	20:52:57	ab7d7fa4-a9f7-4c4c-a378-42f0491f2f43	GET	/notes	http://localhost:3000
20240618	20:53:00	395ab942-521a-450e-a0eb-44a04b01dd6b	GET	/notes	http://localhost:3000
20240618	20:53:13	b12a6469-e530-45e6-b674-2e55d956890e	GET	/notes	http://localhost:3000
20240618	20:53:16	53d1f653-a8dc-4cfe-b142-eb311e848b49	GET	/notes	http://localhost:3000
20240618	20:53:29	5dc4d779-a148-46b7-ab2c-dc5234647c8a	GET	/notes	http://localhost:3000
20240618	20:53:32	63fad03a-e286-4c15-8869-5b732b8cedee	GET	/notes	http://localhost:3000
20240618	20:53:45	269bbbd9-5218-478b-bda0-ce5ecfcff4fb	GET	/notes	http://localhost:3000
20240618	20:53:48	6ce192c8-3ad4-4f16-bb8b-3810ab61e456	GET	/notes	http://localhost:3000
20240618	20:54:01	574ab132-3b95-43f5-a67c-126e3077cd88	GET	/notes	http://localhost:3000
20240618	20:54:04	c5e2edbb-b69a-419a-adb7-d6795cae8889	GET	/notes	http://localhost:3000
20240618	20:54:17	ab6441f4-7c7b-4308-aa79-9c88f7df5ae0	GET	/notes	http://localhost:3000
20240618	20:54:20	5067907f-5a2c-43ce-90e6-9d202a4aaffe	GET	/notes	http://localhost:3000
20240618	20:54:33	163be83c-5ea7-416b-b41c-2c7609dadda1	GET	/notes	http://localhost:3000
20240618	20:54:36	332b330d-cb84-4b15-a6fc-8e98b145fc28	GET	/notes	http://localhost:3000
20240618	20:54:49	00308c28-04d1-4161-82ef-2d96e5090dc2	GET	/notes	http://localhost:3000
20240618	20:54:52	af56d688-b71d-4616-85a8-bae9be987040	GET	/notes	http://localhost:3000
20240618	20:55:06	d8f4fd9b-f4aa-4435-82ad-4dad47fa7cb0	GET	/notes	http://localhost:3000
20240618	20:55:08	9012050f-d116-4e33-b7ba-b11c9b01b214	GET	/notes	http://localhost:3000
20240618	20:55:21	d165ecd0-6496-410c-8ec6-13c8817c7702	GET	/notes	http://localhost:3000
20240618	20:55:24	91c75a7c-368c-446c-8ca4-962d066aa038	GET	/notes	http://localhost:3000
20240618	20:55:37	7e60ed1c-103f-4697-9697-48d81245d56c	GET	/notes	http://localhost:3000
20240618	20:55:40	170fd120-9f76-4c0a-9486-084c5196e487	GET	/notes	http://localhost:3000
20240618	20:55:53	356d6754-b446-4f1a-bdf6-c31fefe96836	GET	/notes	http://localhost:3000
20240618	20:55:56	22b79c1e-562d-443e-b816-d9d3164f4993	GET	/notes	http://localhost:3000
20240618	20:56:09	29d12c02-c2f9-4da1-8b1d-ac50a5d69b95	GET	/notes	http://localhost:3000
20240618	20:56:12	a68cc150-3702-49d4-922d-ee8e6fdd4d10	GET	/notes	http://localhost:3000
20240618	20:56:25	d40090fc-9fc6-4732-a6a7-29fb7f97402a	GET	/notes	http://localhost:3000
20240618	20:56:28	f173a965-d8b5-4743-9707-b9381accb0fe	GET	/notes	http://localhost:3000
20240618	20:56:41	528eefb3-d8b1-4d8a-a57d-658a43cfebd1	GET	/notes	http://localhost:3000
20240618	20:56:44	1e9e4d84-1eab-4239-ad49-378d4f81f8a6	GET	/notes	http://localhost:3000
20240618	20:56:57	3d35e827-33d2-4442-af0d-2861d4e88cc7	GET	/notes	http://localhost:3000
20240618	20:57:00	0c90c3fd-05e3-41c6-a8f5-52df49ea6822	GET	/notes	http://localhost:3000
20240618	20:57:13	09c9d034-ae1a-4766-9533-c1d5e191773c	GET	/notes	http://localhost:3000
20240618	20:57:16	3f16a06d-d6d6-47b6-aad3-f2907107a228	GET	/notes	http://localhost:3000
20240618	20:57:29	10677723-3bee-46e2-8614-4746667948ec	GET	/notes	http://localhost:3000
20240618	20:57:32	d68e3f74-4476-4bb9-8760-1d7df79c0f82	GET	/notes	http://localhost:3000
20240618	20:57:45	2d9ce48d-66d2-488a-a73c-d1fcf995fb99	GET	/notes	http://localhost:3000
20240618	20:57:48	64a49183-aad5-48cf-a64f-522ad9863b3e	GET	/notes	http://localhost:3000
20240618	20:58:01	e6892885-7284-45ec-8307-e5fe21391c49	GET	/notes	http://localhost:3000
20240618	20:58:04	96abab7f-33dd-4aab-ba18-8108befdb822	GET	/notes	http://localhost:3000
20240618	20:58:17	c449c57f-ffb4-45e9-bf7c-1c77ea163bdc	GET	/notes	http://localhost:3000
20240618	20:58:20	d9645720-0754-4b80-9bea-6f22ec0bd500	GET	/notes	http://localhost:3000
20240618	20:58:33	27d061b3-407e-4ce2-b40e-9b6380a02377	GET	/notes	http://localhost:3000
20240618	20:58:36	e707e820-768a-4fd1-817d-345970eef8c5	GET	/notes	http://localhost:3000
20240618	20:58:49	d6af9da0-5f77-4191-843f-b57ffd370f89	GET	/notes	http://localhost:3000
20240618	20:58:52	e52e629c-2b76-4a19-82fa-20a6ded1d906	GET	/notes	http://localhost:3000
20240618	20:58:56	a166d2d6-14b3-4096-967b-94105cf83745	GET	/notes	undefined
20240618	20:59:05	d1acd7ad-37d7-4a87-aeb3-3fa49820c3de	GET	/notes	http://localhost:3000
20240618	20:59:08	74665cec-ec64-4f34-b7e2-bfbef157a152	GET	/notes	http://localhost:3000
20240618	20:59:17	92186ee9-658e-4b3c-8f3e-7e1fec8868b9	GET	/notes	undefined
20240618	20:59:21	1689ded8-d7d3-4097-87dc-67c202b7bab2	GET	/notes	http://localhost:3000
20240618	20:59:24	e1eebaa5-55a4-401c-bcc6-60e8f60def5f	GET	/notes	http://localhost:3000
20240618	20:59:37	de47d7eb-6720-4d10-b7e4-ff33de2d3a20	GET	/notes	http://localhost:3000
20240618	20:59:40	455c714c-61f3-4d98-aabd-33f2e7cd3cb8	GET	/notes	http://localhost:3000
20240618	20:59:53	ba8175b9-babf-4742-bd82-67b1ee72bf26	GET	/notes	http://localhost:3000
20240618	20:59:56	24fb5e64-2715-4f6c-a0bc-a4739f6d81e6	GET	/notes	http://localhost:3000
20240618	21:00:09	560b3f2d-4282-42a1-95f5-d5d0b5a1a69c	GET	/notes	http://localhost:3000
20240618	21:00:12	5f7d246f-02d0-41af-9974-db6c17dd6da1	GET	/notes	http://localhost:3000
20240618	21:00:21	a1e69bb7-1483-4f74-b92f-4025a7f9b3df	GET	/notes	undefined
20240618	21:00:25	cffa8064-dd60-489b-a537-edb3c3355b58	GET	/notes	http://localhost:3000
20240618	21:00:28	456db5cb-5e6c-4515-8597-5d6fe7a4662d	GET	/notes	http://localhost:3000
20240618	21:00:41	04102955-e347-48ce-85aa-fb2c2f528453	GET	/notes	http://localhost:3000
20240618	21:00:44	0f741fc9-04a3-418e-be8e-5c4168381e79	GET	/notes	http://localhost:3000
20240618	21:00:57	fb1a03e6-32fd-4bd9-b9fc-a83e1733040c	GET	/notes	http://localhost:3000
20240618	21:01:00	118da523-6993-4735-a383-cf1e6f972591	GET	/notes	http://localhost:3000
20240618	21:01:13	dbb3b83f-197a-4ff7-8259-7af05adf4a66	GET	/notes	http://localhost:3000
20240618	21:01:16	e604a277-438c-4f9d-9fbd-1b353487e7c6	GET	/notes	http://localhost:3000
20240618	21:01:29	122477e2-98e6-4e1e-b627-23f423e59661	GET	/notes	http://localhost:3000
20240618	21:01:32	4596b530-ef8b-447a-94b7-48e80e4ae5e2	GET	/notes	http://localhost:3000
20240618	21:01:45	0978c5c7-eb11-4dc6-8c14-657e22ea5dc7	GET	/notes	http://localhost:3000
20240618	21:01:48	1ab1244f-6a16-4e78-a75f-974a3c71a78e	GET	/notes	http://localhost:3000
20240619	00:44:39	b0b47bcb-aa4a-453c-a64b-96c0da300b14	GET	/notes	http://localhost:3000
20240619	00:44:39	01d9dfbd-5932-4597-9740-9d749af83b27	GET	/users	http://localhost:3000
20240619	00:44:43	f47340ab-4e96-46e7-b06f-a1cfce8cb351	GET	/notes	http://localhost:3000
20240619	00:44:58	4ddaf19d-fb70-48d5-8560-4a2a5acf8b48	GET	/notes	http://localhost:3000
20240619	00:45:07	5b25568d-268b-4f3a-ab56-9cb508934629	GET	/notes	http://localhost:3000
20240619	00:45:23	ae5c48bc-a945-487a-bb33-59642f7a9097	GET	/notes	http://localhost:3000
20240619	00:45:39	835f4195-766c-4e7f-8e2f-71eccdf3dbdf	GET	/notes	http://localhost:3000
20240619	00:45:55	baa00425-ad9b-4b45-acb2-d332c3ccbb7c	GET	/notes	http://localhost:3000
20240619	00:46:11	0755b2de-ce5b-4eef-9fc9-ab31778207af	GET	/notes	http://localhost:3000
20240619	00:46:27	11a909f6-8bb1-44d9-9872-5c6ce8eda6b7	GET	/notes	http://localhost:3000
20240619	00:46:43	bacc3c35-b685-4464-9182-f502691982bc	GET	/notes	http://localhost:3000
20240619	00:46:59	f9163ee8-5f55-4d66-a5e0-78bdd8202855	GET	/notes	http://localhost:3000
20240619	00:47:15	4263b8d0-2ae5-40d1-b729-a8fdf2b67a4b	GET	/notes	http://localhost:3000
20240619	00:47:31	059d9870-f9ef-4d49-a2bf-246f11124d09	GET	/notes	http://localhost:3000
20240619	00:47:47	b8e9cee4-b1f5-49e1-95fc-29a0a278de1e	GET	/notes	http://localhost:3000
20240619	00:48:03	c5cb8653-699d-4c0c-a8f1-8edfccb11ee4	GET	/notes	http://localhost:3000
20240619	00:48:19	1cf8bbae-d0d3-4e92-b5c3-9f764b5833e2	GET	/notes	http://localhost:3000
20240619	00:48:35	ab97b42a-e38c-4b75-8f2c-0b5f78d5795d	GET	/notes	http://localhost:3000
20240619	00:48:51	cb820ae4-dac7-4857-8421-6a269bba4247	GET	/notes	http://localhost:3000
20240619	00:49:07	f9cef443-c2d3-49dd-b3b2-c88053c809c5	GET	/notes	http://localhost:3000
20240619	00:49:23	7c4875e8-b7af-4fc6-a335-4f58dd0a6b95	GET	/notes	http://localhost:3000
20240619	00:49:39	1b123f06-0ffa-4995-a1ac-e69fa7cb7c63	GET	/notes	http://localhost:3000
20240619	00:49:55	1d54888a-917d-4532-a9de-090564986dbe	GET	/notes	http://localhost:3000
20240619	00:50:11	4ccee431-a67d-4b15-83b5-e6b2d3748cf5	GET	/notes	http://localhost:3000
20240619	00:50:27	5e0ea573-1f7b-43eb-9f51-327621f0d704	GET	/notes	http://localhost:3000
20240619	00:50:43	dd165990-6462-4059-8719-e0992e052619	GET	/notes	http://localhost:3000
20240619	00:50:59	42bac4f5-50ef-4dd0-b7f3-6fdd05d19d18	GET	/notes	http://localhost:3000
20240619	00:51:15	2f9de5ac-d5fb-4e31-8bc1-484a296058da	GET	/notes	http://localhost:3000
20240619	00:51:31	2e1aa0b5-9bc9-4bc2-bcf7-adfd99c34454	GET	/notes	http://localhost:3000
20240619	00:51:47	3ce807bb-21bc-489c-b320-db1643b00a00	GET	/notes	http://localhost:3000
20240619	00:52:03	18a3902b-07c0-45b6-8c2e-98c0d26b04da	GET	/notes	http://localhost:3000
20240619	00:52:19	11fe996b-62b0-47e9-adce-3af17b60f433	GET	/notes	http://localhost:3000
20240619	00:52:35	f796c742-9f66-426c-b50d-6b652c5f69bc	GET	/notes	http://localhost:3000
20240619	00:52:51	bce6e0f4-7e5a-41da-86f1-dd248b8c7150	GET	/notes	http://localhost:3000
20240619	00:53:06	12c58a8b-b94b-443b-bc76-129310faadbd	PATCH	/users	undefined
20240619	00:53:07	165e73fd-26b8-4228-a04c-a586bf6605e4	GET	/notes	http://localhost:3000
20240619	00:53:23	5db6c92b-91bf-46f7-904e-a9ebceec3ff7	GET	/notes	http://localhost:3000
20240619	00:53:26	fcc2e614-d9d7-44b6-9031-3d02d6c44ad1	PATCH	/users	undefined
20240619	00:53:39	40338d72-dd4f-4fc5-9794-e794e21ec01a	GET	/notes	http://localhost:3000
20240619	00:53:54	36de447c-29ce-4607-8838-671019bee684	PATCH	/notes	undefined
20240619	00:53:55	980f2ad2-86b5-491f-959b-90e25a7f60d1	GET	/notes	http://localhost:3000
20240619	00:54:11	1d282246-c67d-4dbf-a135-01d625219774	GET	/notes	http://localhost:3000
20240619	00:54:21	6745752f-1014-41b8-b84a-94f4eeb3001b	PATCH	/notes	undefined
20240619	00:54:27	f3804add-95a3-4645-a113-738ef5178a87	GET	/notes	http://localhost:3000
20240619	00:54:43	eca7f166-317e-41e8-8423-a2eb10c0437b	GET	/notes	http://localhost:3000
20240619	00:54:59	8e33a502-7894-4252-b1c5-6613f774cc78	GET	/notes	http://localhost:3000
20240619	00:55:15	1e1195dc-2055-4eaa-ad72-b04007e4390b	GET	/notes	http://localhost:3000
20240619	00:55:31	1fd4c03c-84f0-4cb1-8198-c0ce179c588f	GET	/notes	http://localhost:3000
20240619	00:55:47	a9b87499-ba2b-4804-82e4-4e79fd74d48d	GET	/notes	http://localhost:3000
20240619	00:56:03	fa07b718-dab7-4f5a-b475-b249db73d985	GET	/notes	http://localhost:3000
20240619	00:56:19	dd6c8437-7157-48a1-b426-da38432d29c1	GET	/notes	http://localhost:3000
20240619	00:56:35	2edea7d7-ab6f-4fb4-9830-a212a1d4f0ee	GET	/notes	http://localhost:3000
20240619	00:56:51	324e7412-5186-4109-ad23-4f077aecd668	GET	/notes	http://localhost:3000
20240619	00:57:07	d443811c-9079-4abc-ae7f-fb0adc7a64a5	GET	/notes	http://localhost:3000
20240619	00:57:23	5f2c498c-af7e-4e2e-ab16-831f6562e54e	GET	/notes	http://localhost:3000
20240619	00:57:39	c04e6815-acb1-4d0c-9336-2481bc468126	GET	/notes	http://localhost:3000
20240619	00:57:55	964d0675-0a83-44fb-a301-51ea11c1d706	GET	/notes	http://localhost:3000
20240619	00:58:11	8452cb36-ca3b-4c2c-bfb3-78f52ecc941c	GET	/notes	http://localhost:3000
20240619	00:58:27	ac40f2bb-55ad-4e76-a101-49445ec94183	GET	/notes	http://localhost:3000
20240619	00:58:43	5bc1383f-e009-44f6-bd8d-53b583d436d2	GET	/notes	http://localhost:3000
20240619	00:58:59	04e20cb5-b8c6-45be-9bfd-d90279f8c144	GET	/notes	http://localhost:3000
20240619	00:59:15	ccdd0190-e021-4a10-9fe5-bc23dd8f34ac	GET	/notes	http://localhost:3000
20240619	00:59:31	c2e6f8f5-d262-45db-89d9-45d6e8c3a775	GET	/notes	http://localhost:3000
20240619	00:59:38	5c1b9252-f6fd-4967-9fe4-8bb6a0507d5a	GET	/notes	http://localhost:3000
20240619	00:59:53	227653b2-5341-4d96-ab3d-fac65a781a79	GET	/notes	http://localhost:3000
20240619	01:00:09	c97fbf0e-365c-4487-af90-a915d5ad37d6	GET	/notes	http://localhost:3000
20240619	01:00:20	3f7bcba0-70bd-4e97-8f59-39213c180f50	POST	/notes	undefined
20240619	01:00:25	40d191a9-abca-4737-a8f9-fe4a8aceddd2	GET	/notes	http://localhost:3000
20240619	01:00:26	34457b54-0040-4e12-906a-ed9f706f67b1	PATCH	/notes	undefined
20240619	01:00:41	c0ee58af-f993-4410-8fb7-a0eb0c2364b4	GET	/notes	http://localhost:3000
20240619	01:00:57	55d54559-a39c-42e3-a9e7-0f4a5f3a5fd1	GET	/notes	http://localhost:3000
20240619	01:01:06	c647c54f-ba4d-4967-8a5e-e7613f336bb1	PATCH	/notes	undefined
20240619	01:01:12	17429a2e-355f-4427-911c-9ce9f15c462f	GET	/notes	undefined
20240619	01:01:13	672b5efe-f4df-4a21-ad52-01ad98bb1353	GET	/notes	http://localhost:3000
20240619	01:01:21	dc067b17-28bc-430f-9d1d-a2344047f021	GET	/notes	undefined
20240619	01:01:29	8870d58d-49d7-4b33-b5a1-2136cff5769f	GET	/notes	http://localhost:3000
20240619	01:01:34	e8d1c504-7583-4658-b634-f5c867278f89	GET	/notes	undefined
20240619	01:01:45	afeedb0d-c1df-4215-bcfe-8c2bdcbeeef2	GET	/notes	http://localhost:3000
20240619	01:02:01	9d3e212d-f8fe-4b17-b836-08c6ab520d89	GET	/notes	http://localhost:3000
20240619	01:02:17	d0d78d96-101f-4dc5-9bdd-7d728a7c54c9	GET	/notes	http://localhost:3000
20240619	01:02:33	83790dd7-a364-4e83-93c5-5d83462f3ece	GET	/notes	http://localhost:3000
20240619	01:02:49	30a3c74b-797a-485b-b1f1-211c5c80d2e5	GET	/notes	http://localhost:3000
20240619	01:03:05	b73274ed-c2cf-4c6b-aef5-9521465698f7	GET	/notes	http://localhost:3000
20240619	01:03:21	dca5c7cb-666d-47d0-a8fa-5d214cab92fe	GET	/notes	http://localhost:3000
20240619	01:03:37	ab088c49-52d6-412e-8a43-99c835430b66	GET	/notes	http://localhost:3000
20240619	01:03:53	e3bff5e4-7e7b-48ab-a835-97a8ee0725d4	GET	/notes	http://localhost:3000
20240619	01:04:02	780b3063-0fb9-4be0-b853-f6b314f74072	POST	/notes	undefined
20240619	01:04:09	1e5d55b2-1158-44b7-b77a-909813d083da	GET	/notes	http://localhost:3000
20240619	01:04:22	d3647194-e83f-4916-bc3b-2cedba5a862f	GET	/notes	undefined
20240619	01:04:25	e22d216c-fc22-4119-9db4-d68e0fdb58ed	GET	/notes	http://localhost:3000
20240619	01:04:41	ec5b6092-01f6-4666-ab2a-aefd5fc11946	GET	/notes	http://localhost:3000
20240619	01:04:57	137eb072-d01d-4576-ab7e-d35870e51170	GET	/notes	http://localhost:3000
20240619	01:05:13	c0452150-488c-4838-a08b-daa0be41b89c	GET	/notes	http://localhost:3000
20240619	01:05:29	6cd8ffc6-a7ee-4718-8aa8-36babf74ca60	GET	/notes	http://localhost:3000
20240619	01:05:45	0e5d084a-df9b-4468-8ff8-fdc16d39b24a	GET	/notes	http://localhost:3000
20240619	01:06:01	e8096d97-c2c2-41f1-ba66-d9913ae78b01	GET	/notes	http://localhost:3000
20240619	01:06:17	15b333e8-feb7-4d09-a0fd-dc36c2d5a806	GET	/notes	http://localhost:3000
20240619	01:06:33	430b6a2e-7457-4f33-8f5d-a35d276697fc	GET	/notes	http://localhost:3000
20240619	01:06:49	232a2021-e27a-47cf-8b14-a314a1d271cb	GET	/notes	http://localhost:3000
20240619	01:07:05	72b8f516-aa75-486c-95f8-6ba8509fbdba	GET	/notes	http://localhost:3000
20240619	01:07:21	2a507036-eaa5-4aac-bdfe-d9182b3d5f0b	GET	/notes	http://localhost:3000
20240619	01:07:37	e5b305e8-8d09-41f6-b9fa-160ec728a33f	GET	/notes	http://localhost:3000
20240619	01:07:53	1c1afa8f-05cc-460c-ae5e-dd24d4cf5253	GET	/notes	http://localhost:3000
20240619	01:08:09	60ba5a3d-7ca1-40a8-883e-8ecd15181b78	GET	/notes	http://localhost:3000
20240619	01:08:25	fff8fad3-dd83-45fb-a765-2265e11f3a03	GET	/notes	http://localhost:3000
20240619	01:08:41	12a57fbd-ed62-4145-a301-ffe0a13def10	GET	/notes	http://localhost:3000
20240619	01:08:57	cf807049-2f2a-48aa-aec8-ac1e89b53424	GET	/notes	http://localhost:3000
20240619	01:09:13	215c0877-87c3-41d0-8c40-c20e7aa1bb2e	GET	/notes	http://localhost:3000
20240619	01:09:29	df604414-609b-40bd-993e-19303bc120ba	GET	/notes	http://localhost:3000
20240619	01:09:45	752cbc51-a8f1-4c80-8fe1-08b2243f1914	GET	/notes	http://localhost:3000
20240619	01:10:01	7ffbbfc9-7387-4f85-b27b-0993036b458a	GET	/notes	http://localhost:3000
20240619	01:10:17	3ec9b88c-0437-4503-8dcf-16be2a8f9f4c	GET	/notes	http://localhost:3000
20240619	01:10:33	f173adf1-7d53-4662-9c85-6f05c8bb9995	GET	/notes	http://localhost:3000
20240619	01:10:49	a8921025-1e87-4348-8a47-386791e41e3c	GET	/notes	http://localhost:3000
20240619	01:11:05	8ba7bb01-4e34-42d6-bfe3-e3bf5c627e92	GET	/notes	http://localhost:3000
20240619	01:11:21	46b7525b-85ef-446b-bb4a-49fdecdf4eaf	GET	/notes	http://localhost:3000
20240619	01:11:37	a3696323-e7ec-41dc-9ce9-1b346bdc4d76	GET	/notes	http://localhost:3000
20240619	01:11:53	8cc57dff-4936-42f8-89a4-b84b33f7da4b	GET	/notes	http://localhost:3000
20240619	01:12:09	4c9355bc-3471-414b-b04b-a55196405546	GET	/notes	http://localhost:3000
20240619	01:12:25	11f23673-c660-4131-ae74-76641f4143fe	GET	/notes	http://localhost:3000
20240619	01:12:41	802b4dd2-69e4-42ad-a541-28784e0935c2	GET	/notes	http://localhost:3000
20240619	01:12:57	290d016b-80a5-4734-900d-1cfe93ff44b8	GET	/notes	http://localhost:3000
20240619	01:13:13	5cba0c60-7d90-4489-8357-e447cf5db0bb	GET	/notes	http://localhost:3000
20240619	01:13:29	9c88fe1c-eed1-43bd-b98f-44d1543c757d	GET	/notes	http://localhost:3000
20240619	01:13:45	4e3bbae6-c40e-45fc-a1ad-a982915f486f	GET	/notes	http://localhost:3000
20240619	01:14:01	87332136-60b0-4398-889f-4272f5959d15	GET	/notes	http://localhost:3000
20240619	01:14:17	61cecb75-4a82-4964-83b4-1fdc42aa7672	GET	/notes	http://localhost:3000
20240619	01:14:33	6b5f3f0c-3152-4982-85d9-5e337f932f2b	GET	/notes	http://localhost:3000
20240619	01:14:49	209ea078-5825-479f-8c55-243db26a34af	GET	/notes	http://localhost:3000
20240619	01:15:05	15333176-3170-4749-af42-c28fec55cb03	GET	/notes	http://localhost:3000
20240619	01:15:21	b253cf31-9270-4426-90fe-dded02993a5d	GET	/notes	http://localhost:3000
20240619	01:15:37	e0102a92-b6a7-4ff3-b1f9-deb78d6ea98c	GET	/notes	http://localhost:3000
20240619	01:15:53	9c08c3bc-364b-4253-8743-b44b7d7c3609	GET	/notes	http://localhost:3000
20240619	01:16:09	4f51a412-4cce-46ed-9516-30ae385cdac5	GET	/notes	http://localhost:3000
20240619	01:16:25	929f6e6f-969f-4965-96c2-8ccc885d6552	GET	/notes	http://localhost:3000
20240619	01:16:41	fc7b4db9-32ea-411c-901a-2b73b8e2976e	GET	/notes	http://localhost:3000
20240619	01:16:57	783fb210-dd1a-4757-b2f3-dd9f4b27e9d5	GET	/notes	http://localhost:3000
20240619	01:17:13	0fcba1de-09e7-4380-b56a-2c902bcd4b36	GET	/notes	http://localhost:3000
20240619	01:17:29	7a9a7e37-968f-4989-ac34-fd5a1ad32884	GET	/notes	http://localhost:3000
20240619	01:17:45	432ef689-6524-4ee8-bd0d-0fc351950cf4	GET	/notes	http://localhost:3000
20240619	01:18:01	3b032fbe-3c57-4875-bf06-6b88974cdd16	GET	/notes	http://localhost:3000
20240619	01:18:17	8c5335ab-2ef6-4e08-8832-b1bcb5653e15	GET	/notes	http://localhost:3000
20240619	01:18:33	97aa0fe2-54db-47af-9a85-f36e377b63d0	GET	/notes	http://localhost:3000
20240619	01:18:49	2dfb2f5b-8e01-4918-8535-cf14cc84cd27	GET	/notes	http://localhost:3000
20240619	01:19:05	cd37464c-cb3c-4279-94dc-cbbec1de8949	GET	/notes	http://localhost:3000
20240619	01:19:21	29d55e2d-b77c-433e-934b-505a70835a7a	GET	/notes	http://localhost:3000
20240619	01:19:37	787acedd-dc5c-4f0e-8c60-6d4243ce6f59	GET	/notes	http://localhost:3000
20240619	01:19:53	875de197-73d7-4c4e-ad6b-b120e7972bf4	GET	/notes	http://localhost:3000
20240619	01:20:09	62bf91da-b6e4-46ef-949f-c88cb213d1e8	GET	/notes	http://localhost:3000
20240619	01:20:25	b7c96afe-b255-4916-b1a7-028c73b592a7	GET	/notes	http://localhost:3000
20240619	01:20:41	c40c126f-e984-47da-a5f6-62ea3edb5f2d	GET	/notes	http://localhost:3000
20240619	01:20:57	2306b1d4-ec19-4f65-b947-1b1e4849a3ad	GET	/notes	http://localhost:3000
20240619	01:21:13	1f5bb54d-2702-4867-9a3d-daed4dc16248	GET	/notes	http://localhost:3000
20240619	01:21:29	bb6564a1-c1f8-4fb2-98e3-1f1f850806f8	GET	/notes	http://localhost:3000
20240619	01:21:45	53ece20d-dae8-4f9d-96bc-5d2ddd7c2db1	GET	/notes	http://localhost:3000
20240619	01:22:01	aa176ccd-8b87-46b0-8562-15afc29d4486	GET	/notes	http://localhost:3000
20240619	01:22:17	e84d4eb9-0cbb-4ef3-afc0-6c6bb83b15a8	GET	/notes	http://localhost:3000
20240619	01:22:33	b1a470b3-8437-439c-b59b-5fa7edb05bc8	GET	/notes	http://localhost:3000
20240619	01:22:49	7cb1f201-b8e3-4902-9a51-44324560145b	GET	/notes	http://localhost:3000
20240619	01:23:05	c98978e7-153b-42fd-9d22-12e2aac7d279	GET	/notes	http://localhost:3000
20240619	01:23:21	d438dea9-9bb3-4664-bd92-b0b0d5516800	GET	/notes	http://localhost:3000
20240619	01:23:37	d2f64065-cb45-4c27-a532-eacf30bd5a94	GET	/notes	http://localhost:3000
20240619	01:23:53	7ca5174e-3ea3-4d15-9ad8-63d952a82927	GET	/notes	http://localhost:3000
20240619	01:24:09	5af197fd-c896-4d23-badf-553800174290	GET	/notes	http://localhost:3000
20240619	01:24:25	e5842ab1-e7ce-46bd-babb-341511ac8452	GET	/notes	http://localhost:3000
20240619	01:24:41	aa3408f0-7224-4ae0-b78a-becb992247aa	GET	/notes	http://localhost:3000
20240619	01:24:57	fd7cd504-ffe2-487b-a86a-9c6057acefcf	GET	/notes	http://localhost:3000
20240619	01:25:13	7f1e4829-904a-4199-a0c8-980327ca8f5b	GET	/notes	http://localhost:3000
20240619	01:25:29	c0f459cf-2f19-4931-b6bb-e0f9b8c877d9	GET	/notes	http://localhost:3000
20240619	01:25:45	55f6621d-8527-49fb-98ac-779c1802f073	GET	/notes	http://localhost:3000
20240619	01:26:01	1c741a79-f2f4-45e9-b6ba-4109ee798436	GET	/notes	http://localhost:3000
20240619	01:26:17	7a865b41-d655-4b67-8444-e7c15d70881c	GET	/notes	http://localhost:3000
20240619	01:26:33	5067aad4-7b8c-44bb-bdd9-72d2a94ba795	GET	/notes	http://localhost:3000
20240619	01:26:49	3074a887-1af2-4385-a030-a1a7800a20f9	GET	/notes	http://localhost:3000
20240619	01:27:05	2c47daae-7525-455a-9242-fcd3f27c9ead	GET	/notes	http://localhost:3000
20240619	01:27:21	e92acc68-4587-48fc-b842-a9449f253e51	GET	/notes	http://localhost:3000
20240619	01:27:37	31c3fbda-ce0e-4810-a59c-030a1b8dda08	GET	/notes	http://localhost:3000
20240619	01:27:53	34c59ca6-b457-40fe-948f-eeb9bda08f66	GET	/notes	http://localhost:3000
20240619	01:28:09	2bca811f-e4cd-4601-a75b-185bfaed2c3f	GET	/notes	http://localhost:3000
20240619	01:28:25	f93b681c-b6cb-42bb-b72c-0a5e769d31b6	GET	/notes	http://localhost:3000
20240619	01:28:41	bc64f557-c807-4f68-8b16-78f53bc61629	GET	/notes	http://localhost:3000
20240619	01:28:57	b0e34d4a-e13d-4c16-ac30-718c6fe272c5	GET	/notes	http://localhost:3000
20240619	01:29:13	946041c0-2b6c-42a5-a5e6-d5cda95560e0	GET	/notes	http://localhost:3000
20240619	01:29:29	2f0a13d8-b8a7-4378-9e28-367809554a2f	GET	/notes	http://localhost:3000
20240619	01:29:45	ebb3f719-79e8-4526-aea0-267198e1a204	GET	/notes	http://localhost:3000
20240619	01:30:01	6f9eb852-1e8a-49c9-bc6c-a385cbed6751	GET	/notes	http://localhost:3000
20240619	01:30:17	5242f3d9-c7bf-4f9d-884a-ba6118dd4bf2	GET	/notes	http://localhost:3000
20240619	01:30:33	142c2348-c856-4d72-881e-c850f27d692c	GET	/notes	http://localhost:3000
20240619	01:30:49	8dd04b90-5b5a-4a4b-859c-526bbe8a7f4c	GET	/notes	http://localhost:3000
20240619	01:31:05	e77e0b77-76d4-4515-9b04-1895ab418aea	GET	/notes	http://localhost:3000
20240619	01:31:21	c37e9e58-9124-403b-a9ac-2defc4a15ea2	GET	/notes	http://localhost:3000
20240619	01:31:37	3ed52de6-7cf8-4a8d-87a8-65685065e6ad	GET	/notes	http://localhost:3000
20240619	01:31:53	5b68af87-93a2-460d-92ea-b39ae220a016	GET	/notes	http://localhost:3000
20240619	01:32:09	1e5b2bd7-e5a3-4135-9c58-14172abeed0e	GET	/notes	http://localhost:3000
20240619	01:32:25	d3df2579-97e8-4e81-a9d8-a10fd5dd0916	GET	/notes	http://localhost:3000
20240619	01:32:41	bf36cfee-84c5-4bab-a8c0-d033d96754f7	GET	/notes	http://localhost:3000
20240619	01:32:57	ae062cbf-0deb-4ce5-b2c0-d7307dc19f48	GET	/notes	http://localhost:3000
20240619	01:33:13	ebcc97e9-ed35-4325-a867-e19f7ef67ba5	GET	/notes	http://localhost:3000
20240619	01:33:29	d79f767e-62a0-4483-a45c-9a7b4ceb43ce	GET	/notes	http://localhost:3000
20240619	01:33:45	d9be72d2-4972-479c-aa5a-ddfc0dc6d07e	GET	/notes	http://localhost:3000
20240619	01:34:01	08469f54-2fa5-4b15-ab54-230fccc8badc	GET	/notes	http://localhost:3000
20240619	01:34:17	935269d3-a190-40aa-8ca0-8b3080e400e2	GET	/notes	http://localhost:3000
20240619	01:34:33	f3d32bb1-a7f6-4b87-a80e-b9a569f4aab5	GET	/notes	http://localhost:3000
20240619	01:34:49	c288710f-81e5-44ce-af9a-87619c4115b5	GET	/notes	http://localhost:3000
20240619	01:35:05	06eecbe4-2953-47d0-9c78-f39985a8fce3	GET	/notes	http://localhost:3000
20240619	01:35:21	d30fd308-5b5d-4f67-b272-d36788d95498	GET	/notes	http://localhost:3000
20240619	01:35:37	48bb0b64-71e0-4c03-be5b-516d1127584f	GET	/notes	http://localhost:3000
20240619	01:35:53	9f0fb3c2-de1b-4d9c-80f0-25059979bc32	GET	/notes	http://localhost:3000
20240619	01:36:09	cb570e5b-8f86-4eb5-9f91-e4eb57a5c743	GET	/notes	http://localhost:3000
20240619	01:36:25	91434f5e-db6c-43fa-8e38-3198c24eb996	GET	/notes	http://localhost:3000
20240619	01:36:41	778df8f5-f003-4901-9f41-03393eea1924	GET	/notes	http://localhost:3000
20240619	01:36:57	5eb5558a-f6ec-4519-b14c-47fa7c23128d	GET	/notes	http://localhost:3000
20240619	01:37:13	a74d76cb-c796-44d6-a495-c56c47c1b65a	GET	/notes	http://localhost:3000
20240619	01:37:29	29ca1a7d-b740-4d03-82f2-f648db09062f	GET	/notes	http://localhost:3000
20240619	01:37:45	ae886f43-57bc-4dcb-a591-9c54963d091c	GET	/notes	http://localhost:3000
20240619	01:38:01	88856443-7f50-459c-ada3-fb8bfe97ecdf	GET	/notes	http://localhost:3000
20240619	01:38:17	a1c01662-d13a-4cd5-bc29-be9c1859e74b	GET	/notes	http://localhost:3000
20240619	01:38:33	8c0d836d-5c15-405a-878d-feb6c33ba571	GET	/notes	http://localhost:3000
20240619	01:38:49	afdc9a1e-f825-4d5b-952b-9f6a24638d25	GET	/notes	http://localhost:3000
20240619	01:39:05	172f708f-e123-43f1-8407-0de8aeb732cd	GET	/notes	http://localhost:3000
20240619	01:39:21	da937287-439b-4b77-b832-a68dd7546fdb	GET	/notes	http://localhost:3000
20240619	01:39:37	79941517-b211-4f09-bfc2-87554f449a7f	GET	/notes	http://localhost:3000
20240619	01:39:53	292ea25b-848b-4af7-a4be-39d233e6b353	GET	/notes	http://localhost:3000
20240619	01:40:09	158bb5b9-c749-4a3b-8ed6-1612de743a90	GET	/notes	http://localhost:3000
20240619	01:40:25	2f91a45f-b9cf-4922-bef2-255fdfa999c6	GET	/notes	http://localhost:3000
20240619	01:40:41	918d0a60-1985-4337-8e17-1a32253cf1b0	GET	/notes	http://localhost:3000
20240619	01:40:57	9f6961e3-3318-4cb0-bf3c-b7598ac01e5b	GET	/notes	http://localhost:3000
20240619	01:41:13	0914b556-cc35-4323-a0ff-2b9ddd0383c8	GET	/notes	http://localhost:3000
20240619	01:41:29	414ba33e-8bd2-45f0-ad46-811d1a757e4e	GET	/notes	http://localhost:3000
20240619	01:41:45	6ce7b472-49cf-4875-a6f7-668bbd261142	GET	/notes	http://localhost:3000
20240619	01:42:01	4ccbc6aa-92c7-4b2d-94d0-ec377f717ae5	GET	/notes	http://localhost:3000
20240619	01:42:17	b5682334-8562-4a51-8cc8-657844cee4dd	GET	/notes	http://localhost:3000
20240619	01:42:33	341694a8-79a3-4ebb-ac0d-c12f0156d51a	GET	/notes	http://localhost:3000
20240619	01:42:49	4d8c22af-5890-4b4a-a31f-3afddcd8c80b	GET	/notes	http://localhost:3000
20240619	01:43:05	f6026fb5-706a-40a5-aa92-cc21fc42d5f4	GET	/notes	http://localhost:3000
20240619	01:43:21	498217aa-d4ed-4be9-86d2-ce26e338f7f6	GET	/notes	http://localhost:3000
20240619	01:43:37	a9e7cd20-c99f-44e6-a875-561c9f0ced67	GET	/notes	http://localhost:3000
20240619	01:43:53	40177dcd-768a-4c7b-b7fd-cb1b22db3f10	GET	/notes	http://localhost:3000
20240619	01:44:09	6ba165de-f573-42fc-b0de-81cf2bef07a4	GET	/notes	http://localhost:3000
20240619	01:44:25	53ac3695-c8eb-4ab7-a073-b2b6c5da6aa6	GET	/notes	http://localhost:3000
20240619	01:44:41	5302a6dd-1b1f-4ac9-aa28-c2788eb0e29e	GET	/notes	http://localhost:3000
20240619	01:44:57	79a391ea-274c-440c-a742-cb6aa8f0ef0b	GET	/notes	http://localhost:3000
20240619	01:45:13	14987090-28f8-4f41-a760-0958b32dfd3b	GET	/notes	http://localhost:3000
20240619	01:45:29	16009a18-1421-49c5-892e-d33a40298163	GET	/notes	http://localhost:3000
20240619	01:45:45	bb8b4c50-2119-43d2-b8ef-e274bbd16647	GET	/notes	http://localhost:3000
20240619	01:46:01	0246ddee-00f8-4f31-82ff-370a72fd44d5	GET	/notes	http://localhost:3000
20240619	01:46:17	26b4b49f-061b-46b0-a059-abfb763f7686	GET	/notes	http://localhost:3000
20240619	01:46:33	d6660e32-fed4-40cf-9d99-a2416df133cf	GET	/notes	http://localhost:3000
20240619	01:46:49	311b05fc-e9ff-4b71-944b-552c728fda6f	GET	/notes	http://localhost:3000
20240619	01:47:05	077b80c2-ef03-4187-84fd-2981b0a82f33	GET	/notes	http://localhost:3000
20240619	01:47:21	2fa053f7-0627-4bef-8047-c069c01124a2	GET	/notes	http://localhost:3000
20240619	01:47:37	b8098edf-8664-4764-ae14-36730f64f331	GET	/notes	http://localhost:3000
20240619	01:47:53	6946fd58-3b1e-4cd6-8531-c3ccef76c4dd	GET	/notes	http://localhost:3000
20240619	01:48:09	96778b0b-51a6-4ee9-9b2b-446c3f1ef7c9	GET	/notes	http://localhost:3000
20240619	01:48:25	fa3a9a66-c970-4985-a638-5f4b5545d445	GET	/notes	http://localhost:3000
20240619	01:48:41	6b663072-d97b-4bf5-b088-4f66cf0b83d2	GET	/notes	http://localhost:3000
20240619	01:48:57	bf7b1503-25bf-4062-9304-383f6f5e0162	GET	/notes	http://localhost:3000
20240619	01:49:13	3d6aed74-9174-4dd8-80b8-1e9646089484	GET	/notes	http://localhost:3000
20240619	01:49:29	0f28903a-d970-4446-9b54-e843b01d86e2	GET	/notes	http://localhost:3000
20240619	01:49:45	1b8385ef-4485-4023-9821-20cb0c162eca	GET	/notes	http://localhost:3000
20240619	01:50:01	64cefde1-83c5-4c0a-8b06-db72267ace6d	GET	/notes	http://localhost:3000
20240619	01:50:17	0fe20001-9b0a-4ead-9ac8-64c36b63e244	GET	/notes	http://localhost:3000
20240619	01:50:33	1c0f437c-5555-4ef1-a5cf-07529038c92b	GET	/notes	http://localhost:3000
20240619	01:50:49	d5d31022-28c3-4578-a2b3-7d5b80ce736e	GET	/notes	http://localhost:3000
20240619	01:51:05	d1556789-4b96-48f9-bd28-a08f0df26e91	GET	/notes	http://localhost:3000
20240619	01:51:21	34c0b424-0be1-4632-ab1e-8265ac3d0dcc	GET	/notes	http://localhost:3000
20240619	01:51:37	844e0276-39a2-4aa4-b042-7a49b4cb6ffb	GET	/notes	http://localhost:3000
20240619	01:51:53	ad1c76dd-c55d-40c6-af77-17db863ca8ee	GET	/notes	http://localhost:3000
20240619	01:52:09	9b203fb2-3c15-4c0d-9417-700bd7da1c1c	GET	/notes	http://localhost:3000
20240619	01:52:25	cb9a29ed-5b79-4aff-b375-0db890369b1c	GET	/notes	http://localhost:3000
20240619	01:52:41	57251f3e-cc76-4caf-9353-081fda10a69d	GET	/notes	http://localhost:3000
20240619	01:52:57	3dba311a-5667-499e-8220-11fcbf1a01cb	GET	/notes	http://localhost:3000
20240619	01:53:13	6ab54111-a39e-4660-bab0-55465ba2ee1c	GET	/notes	http://localhost:3000
20240619	01:53:29	97cd5c4d-ecf0-4f88-95f0-22cb68713051	GET	/notes	http://localhost:3000
20240619	01:53:45	ceafd05c-306d-4c13-9ea5-487af7c0648d	GET	/notes	http://localhost:3000
20240619	01:54:01	500c8911-a0c9-4fd3-aa9c-c4ba8a64e5b3	GET	/notes	http://localhost:3000
20240619	01:54:17	e5cb3af5-5c82-4442-a3a7-ea5a5a4bec60	GET	/notes	http://localhost:3000
20240619	01:54:33	1e05a7d2-5fa4-4392-aaeb-bf0360967060	GET	/notes	http://localhost:3000
20240619	01:54:49	f71c0604-5060-4002-8c69-b5412b8902b1	GET	/notes	http://localhost:3000
20240619	01:55:05	d0e5e7f4-d481-46af-a21e-8148ef2ae755	GET	/notes	http://localhost:3000
20240619	01:55:21	5fb6f661-5a22-4a6a-b5aa-d5eac89974e6	GET	/notes	http://localhost:3000
20240619	01:55:37	95534902-adcc-41da-9a46-5c9495280755	GET	/notes	http://localhost:3000
20240619	01:55:53	c66ce64b-a315-48eb-9b48-1d7708c497e9	GET	/notes	http://localhost:3000
20240619	01:56:09	c215e5a0-32c6-4db9-afa2-4825642e1b16	GET	/notes	http://localhost:3000
20240619	01:56:25	6a92f71d-1b42-421b-b9b2-38987d22bca1	GET	/notes	http://localhost:3000
20240619	01:56:41	1ed77a67-5154-40af-b8e0-72efbc8cdd37	GET	/notes	http://localhost:3000
20240619	01:56:57	0658b11b-570f-4cba-a53e-bebf1e1845be	GET	/notes	http://localhost:3000
20240619	01:57:13	37263a78-5336-481c-a588-42ca000d08b9	GET	/notes	http://localhost:3000
20240619	01:57:29	89d79239-888e-4b12-aac4-ae8cb4f7ee7f	GET	/notes	http://localhost:3000
20240619	01:57:45	0357febc-9db2-4d42-a66e-0e64f7e200e8	GET	/notes	http://localhost:3000
20240619	01:58:01	f4a8a464-8a62-47cf-9670-1cf144431d49	GET	/notes	http://localhost:3000
20240619	01:58:17	d8ec64a8-d95b-4452-81c8-ec65c5d95dfe	GET	/notes	http://localhost:3000
20240619	01:58:33	57cbd9cc-ba4b-41a7-87e3-900f15060823	GET	/notes	http://localhost:3000
20240619	01:58:49	ec870493-d3b0-4ad4-b680-799359e112c0	GET	/notes	http://localhost:3000
20240619	01:59:05	00b87eae-29c2-437c-b94a-9776c86a7ff5	GET	/notes	http://localhost:3000
20240619	01:59:21	426269a1-1c4e-4723-9089-d7cb292ea861	GET	/notes	http://localhost:3000
20240619	01:59:37	2a51aafe-0914-44dc-a962-c0202e997ef0	GET	/notes	http://localhost:3000
20240619	01:59:53	f27af59e-a189-4d11-b977-5566360a9edc	GET	/notes	http://localhost:3000
20240619	02:00:09	456d5b82-ea21-4f6a-b51d-52e259386c48	GET	/notes	http://localhost:3000
20240619	02:00:25	7cea29f2-5b6b-4004-8390-be27316da37f	GET	/notes	http://localhost:3000
20240619	02:00:41	26f1a313-2ef2-4d86-b06c-9f8e8f87e35b	GET	/notes	http://localhost:3000
20240619	02:00:57	2b71e36b-e3d0-449e-b3aa-fd2d7b476be2	GET	/notes	http://localhost:3000
20240619	02:01:13	b9f98d77-5951-4614-ba2b-9bfc78fe918f	GET	/notes	http://localhost:3000
20240619	02:01:29	65561d65-8eca-4628-857f-eec101053f2d	GET	/notes	http://localhost:3000
20240619	02:01:45	e0b995ab-e327-4745-964e-fb5bf4047d82	GET	/notes	http://localhost:3000
20240619	02:02:01	718d769a-9285-4207-ae85-6850e356c473	GET	/notes	http://localhost:3000
20240619	02:02:17	6220eda9-2f90-42cc-b440-d951b500b118	GET	/notes	http://localhost:3000
20240619	02:02:33	fb62f854-a7e1-42c6-8461-09f504ca3d7e	GET	/notes	http://localhost:3000
20240619	02:02:49	bf55ce9f-3331-4379-96c9-b64671b8d52d	GET	/notes	http://localhost:3000
20240619	02:03:05	631cd1ea-3eb8-448f-8c7c-046a3ad14bc1	GET	/notes	http://localhost:3000
20240619	02:03:21	afe918a7-a4ba-419e-ace1-a54f644acce9	GET	/notes	http://localhost:3000
20240619	02:03:37	adb30e7f-5a07-4c67-92c3-1fe6457e98f4	GET	/notes	http://localhost:3000
20240619	02:03:53	6d296b54-b079-4252-9362-1c13a6c8c070	GET	/notes	http://localhost:3000
20240619	02:04:09	7fd71a4e-2fdd-4dc2-a836-9c280d88d1b9	GET	/notes	http://localhost:3000
20240619	02:04:25	e3047b59-746e-420a-a789-0991c0ab0954	GET	/notes	http://localhost:3000
20240619	02:04:41	7c6e9a67-94cf-4dd0-b6fb-c3c386054c68	GET	/notes	http://localhost:3000
20240619	02:04:57	1dda502d-837f-4eb5-8c07-6a44a9ed1121	GET	/notes	http://localhost:3000
20240619	02:05:13	2f960f10-51db-4ae3-82dd-1d8de3e3720e	GET	/notes	http://localhost:3000
20240619	13:02:40	8b647ef3-a89e-4161-a035-6b9f6ad3c77a	GET	/notes	http://localhost:3000
20240619	13:03:05	f3a0777f-64de-4795-8717-509700747878	GET	/notes	http://localhost:3000
20240619	13:03:21	16950078-9cc6-4c10-9be9-a2a5049cfaa7	GET	/notes	http://localhost:3000
20240619	13:03:37	a4d6082c-1102-4dc8-86e1-b40431b4b619	GET	/notes	http://localhost:3000
20240619	13:03:55	361d946f-18bc-4443-9f2b-d05439cd6097	GET	/notes	http://localhost:3000
20240619	13:04:11	c07546d3-4eb6-418f-aeec-aa68fecc7cbc	GET	/notes	http://localhost:3000
20240619	13:34:40	8cb4794a-830b-4ab7-af6e-45e43c43cf6d	GET	/notes	http://localhost:3000
20240619	13:34:40	f975b492-3e12-4baf-b7ea-b8f4d820cfc5	GET	/users	http://localhost:3000
20240619	13:34:42	90a10a53-2e6b-4312-ba08-32e57f128d0c	GET	/notes	http://localhost:3000
20240619	13:34:47	ceb29d75-36f9-4588-94b6-c52a0c7ebd5e	GET	/users	http://localhost:3000
20240619	13:35:04	0db8ad42-b69e-4f46-91ac-d6ff18500835	GET	/users	http://localhost:3000
20240619	13:35:06	098e8f4c-559d-4e9e-ad85-dc58001a1657	GET	/users	http://localhost:3000
20240619	13:40:37	cdd5a554-8468-4313-85f5-5f38498c1eb3	OPTIONS	/auth	http://localhost:3000
20240619	13:40:37	c7bbd7e3-40c0-42fd-b182-c8740932ba53	POST	/auth	http://localhost:3000
20240619	17:27:04	27edeace-6ce8-4f20-910e-a0677662cbb1	OPTIONS	/auth	http://localhost:3000
20240619	17:27:04	7cfce82f-4b94-4648-a417-fefffb23b726	POST	/auth	http://localhost:3000
20240619	17:27:24	9f086a92-2aae-4520-999e-f0c581cf1a8b	OPTIONS	/auth	http://localhost:3000
20240619	17:27:24	2fc5b231-14c0-4325-aac3-459d7cbef0be	POST	/auth	http://localhost:3000
20240619	17:27:56	23a21fc8-1106-46f9-a536-73de31f98508	OPTIONS	/auth	http://localhost:3000
20240619	17:27:56	646bfe4b-0ad4-475a-bdab-2e3914e74521	POST	/auth	http://localhost:3000
20240619	17:28:06	9e1e7b34-eea5-4a2d-8d19-447b6fe89d46	OPTIONS	/auth	http://localhost:3000
20240619	17:28:06	688925fa-d70d-4312-bff5-1eb70d195ca4	POST	/auth	http://localhost:3000
20240619	17:32:46	eddc67fb-602c-43b3-9b70-2a3f04fdd716	GET	/auth	undefined
20240619	17:37:48	9ff89359-4c45-4f49-9e2e-d831f27990fa	GET	/auth	undefined
20240619	17:38:06	b04b2786-bbf9-475a-8b2c-3fcd54ba36f2	GET	/auth	undefined
20240619	17:39:53	d738b7c6-77a0-44d3-88fb-2f9186d0cc0d	OPTIONS	/auth	http://localhost:3000
20240619	17:39:53	bbbdc285-42a9-4a5b-a431-ebd7c23389ab	POST	/auth	http://localhost:3000
20240619	17:40:02	d04a2245-9756-453e-b933-a885fd99ae43	OPTIONS	/auth	http://localhost:3000
20240619	17:40:02	3eec0d1b-975f-45e8-9db5-ab2409f1c9db	POST	/auth	http://localhost:3000
20240619	17:40:12	1b47df45-d835-40fd-876e-ae608a678cf4	OPTIONS	/auth	http://localhost:3000
20240619	17:40:12	ab814e2d-e45b-400a-b1cf-b18472a02fbe	POST	/auth	http://localhost:3000
20240619	21:19:54	331394e1-15db-4710-a20e-d677da9649cc	OPTIONS	/auth	http://localhost:3000
20240619	21:19:54	8f18f669-081e-44ed-8feb-44f6a634f47a	POST	/auth	http://localhost:3000
20240619	21:22:05	e54d7fe9-b262-4028-8bb3-8acde9273ae9	GET	/auth/refresh	http://localhost:3000
20240619	21:22:19	51edb8a0-2029-4dda-b75d-e2e605865080	OPTIONS	/auth	http://localhost:3000
20240619	21:22:19	129533fb-a984-45e2-ae06-7cf6aa86fee1	POST	/auth	http://localhost:3000
20240619	21:24:37	8a2090b2-79a6-46f6-9b2f-74a4b552a5e5	GET	/auth	undefined
20240619	21:24:37	477f3ea7-4084-4fe7-b51c-ce936d49b782	GET	/css/style.css	undefined
20240619	21:24:38	49d09b5b-834a-4255-b258-7bd955a30f99	GET	/favicon.ico	undefined
20240619	21:25:57	b9095022-e939-44f7-a5ad-f7110bad0778	OPTIONS	/auth	http://localhost:3000
20240619	21:25:57	ec9ce4cf-41ed-4ad2-92b3-9bd01c43202b	POST	/auth	http://localhost:3000
20240619	21:26:19	021a9e5f-4373-4719-9b4d-82c3db00c45c	OPTIONS	/auth	http://localhost:3000
20240619	21:26:19	29c3eeab-07f3-4dd4-be27-34989298eebe	POST	/auth	http://localhost:3000
20240620	05:19:19	25780de0-1fbe-464d-aa06-71ad3755a96b	GET	/auth/refresh	http://localhost:3000
20240620	05:19:29	d36b630f-dca6-4451-bc3a-83c22a12b39d	OPTIONS	/auth	http://localhost:3000
20240620	05:19:29	e652e0c3-1920-42fd-978d-200bde1c8959	POST	/auth	http://localhost:3000
20240620	05:19:29	45dc07ed-e606-4bea-8cfa-754c20744754	OPTIONS	/notes	http://localhost:3000
20240620	05:19:29	595ee2a2-6121-463f-a4c5-9e90d9e28e52	OPTIONS	/users	http://localhost:3000
20240620	05:19:29	c7505214-f9ac-473e-8e5a-8c507b091330	GET	/notes	http://localhost:3000
20240620	05:19:29	0dec06d8-2a8e-40c0-8ee8-1e8a5efcd128	GET	/users	http://localhost:3000
20240620	05:19:33	f01afae4-64d9-4528-96e8-57be2141c65c	GET	/notes	http://localhost:3000
20240620	05:19:38	e14d4ebc-256b-4673-8ebc-d41aef33d03e	OPTIONS	/users	http://localhost:3000
20240620	05:19:38	6481f052-f5f0-4f2f-b07f-8ac3f96ad9c8	GET	/users	http://localhost:3000
20240620	05:19:45	b770eb5c-7e8f-4e31-877a-ae50c9708110	OPTIONS	/notes	http://localhost:3000
20240620	05:19:45	baa6789e-bfe0-4707-ab5a-ff19b0c44bd2	GET	/notes	http://localhost:3000
20240620	05:19:48	bc562484-22e4-4d67-a8f3-902087cc4dbf	OPTIONS	/users	http://localhost:3000
20240620	05:19:48	0d7162c9-42e7-49f7-8003-d626ea3f2c51	GET	/users	http://localhost:3000
20240620	05:19:52	081721bb-5521-446f-bc0c-bbd3f9ad0af1	OPTIONS	/auth/logout	http://localhost:3000
20240620	05:19:52	59b2cd7b-d914-4a90-b8fc-1cf277f1cf87	POST	/auth/logout	http://localhost:3000
20240620	05:20:40	6971aed7-e633-41fe-ab8d-2af17260ec9d	GET	/auth/refresh	http://localhost:3000
20240620	05:20:53	07b9f0ae-d99f-473d-bc63-67f6d57ce4df	OPTIONS	/auth	http://localhost:3000
20240620	05:20:53	f01f3406-816e-4fa2-a520-c45ad47c6d63	POST	/auth	http://localhost:3000
20240620	05:20:53	b6367937-8e3a-425e-925e-d970d7475a7a	OPTIONS	/notes	http://localhost:3000
20240620	05:20:53	6a5a258b-96d9-40e6-9b7b-526fd9526c19	OPTIONS	/users	http://localhost:3000
20240620	05:20:53	41ca8883-8e48-44de-827c-89efed7e1730	GET	/notes	http://localhost:3000
20240620	05:20:53	1dc75e31-248e-4ac7-b44e-457d72550949	GET	/users	http://localhost:3000
20240620	05:21:31	07d10265-0cb5-4bbd-b357-b04080c3cd73	GET	/auth	undefined
20240620	05:24:21	093b6e37-d003-48e4-8bbd-ad00cf11bd76	GET	/auth	undefined
20240620	05:24:56	7f851f8c-627e-4992-bd76-5f3bfa465c7a	GET	/auth	undefined
20240620	05:26:44	f9f7d72b-1726-43ff-8cf1-40b93f1accee	POST	/auth	undefined
20240620	05:29:51	398c689f-0225-4ade-aef8-dd6fcf985598	GET	/refresh	undefined
20240620	05:30:07	4be4e601-fbf1-4be9-ab29-893a68e2571c	GET	/auth/refresh	undefined
20240620	05:31:15	b2ea51ce-7d43-4fc1-b8f7-76c0f252f9ac	POST	/auth/logout	undefined
20240620	05:31:37	79520ba5-6417-4f35-bf4d-7af7bf75032c	POST	/auth	undefined
20240620	05:34:03	147a46df-314a-479a-b61a-622eb4855709	GET	/notes	undefined
20240620	05:35:51	e2e92ceb-a030-4a31-b8c0-1d6e678876fd	GET	/users	undefined
20240620	05:36:01	17929640-821b-41fd-9fc2-52d59b670323	GET	/notes	undefined
20240620	18:15:07	af4af1c4-96d3-4ec2-a41d-1622e00fdd10	OPTIONS	/auth	http://localhost:3000
20240620	18:15:07	9ec1e55c-23c0-400c-9218-2123977b1bca	POST	/auth	http://localhost:3000
20240620	18:15:08	07497461-56ac-40d4-b5f9-6bd115a3197f	OPTIONS	/notes	http://localhost:3000
20240620	18:15:08	8464e4cd-f7b2-4582-ad39-a2588d2734d2	OPTIONS	/users	http://localhost:3000
20240620	18:15:08	aeb02bd8-3500-4337-a154-60d1772923e2	GET	/notes	http://localhost:3000
20240620	18:15:08	58ac729c-68de-4d2b-981f-3be521faa100	GET	/users	http://localhost:3000
